15:39:59> DEBUG (Log4JLogger.java:63): Using PluginRegistry org.datanucleus.plugin.NonManagedPluginRegistry
15:39:59> DEBUG (Log4JLogger.java:63): Registering bundle org.sonatype.inject version 2.3.0 at URL file:/C:/Windows/System32/config/systemprofile/.m2/repository/org/sonatype/sisu/sisu-inject-bean/2.3.0/sisu-inject-bean-2.3.0.jar.
15:39:59> DEBUG (Log4JLogger.java:63): Loading extension points from plug-in file jar:file:/C:/Windows/System32/config/systemprofile/.m2/repository/org/sonatype/sisu/sisu-inject-bean/2.3.0/sisu-inject-bean-2.3.0.jar!/plugin.xml.
15:39:59> DEBUG (Log4JLogger.java:63): Loading extensions from plug-in file jar:file:/C:/Windows/System32/config/systemprofile/.m2/repository/org/sonatype/sisu/sisu-inject-bean/2.3.0/sisu-inject-bean-2.3.0.jar!/plugin.xml.
15:39:59> DEBUG (Log4JLogger.java:63): Registering bundle org.datanucleus version 5.1.0.m2 at URL file:/C:/Windows/System32/config/systemprofile/.m2/repository/org/datanucleus/datanucleus-core/5.1.0-m2/datanucleus-core-5.1.0-m2.jar.
15:39:59> DEBUG (Log4JLogger.java:63): Loading extension points from plug-in file jar:file:/C:/Windows/System32/config/systemprofile/.m2/repository/org/datanucleus/datanucleus-core/5.1.0-m2/datanucleus-core-5.1.0-m2.jar!/plugin.xml.
15:39:59> DEBUG (Log4JLogger.java:63): Loading extensions from plug-in file jar:file:/C:/Windows/System32/config/systemprofile/.m2/repository/org/datanucleus/datanucleus-core/5.1.0-m2/datanucleus-core-5.1.0-m2.jar!/plugin.xml.
15:39:59> DEBUG (Log4JLogger.java:63): Registering bundle org.datanucleus.api.jdo version 5.1.0.m2 at URL file:/C:/Windows/System32/config/systemprofile/.m2/repository/org/datanucleus/datanucleus-api-jdo/5.1.0-m2/datanucleus-api-jdo-5.1.0-m2.jar.
15:39:59> DEBUG (Log4JLogger.java:63): Loading extension points from plug-in file jar:file:/C:/Windows/System32/config/systemprofile/.m2/repository/org/datanucleus/datanucleus-api-jdo/5.1.0-m2/datanucleus-api-jdo-5.1.0-m2.jar!/plugin.xml.
15:39:59> DEBUG (Log4JLogger.java:63): Loading extensions from plug-in file jar:file:/C:/Windows/System32/config/systemprofile/.m2/repository/org/datanucleus/datanucleus-api-jdo/5.1.0-m2/datanucleus-api-jdo-5.1.0-m2.jar!/plugin.xml.
15:39:59> DEBUG (Log4JLogger.java:63): Registering bundle org.datanucleus.store.rdbms version 5.1.0.m2 at URL file:/C:/Windows/System32/config/systemprofile/.m2/repository/org/datanucleus/datanucleus-rdbms/5.1.0-m2/datanucleus-rdbms-5.1.0-m2.jar.
15:39:59> DEBUG (Log4JLogger.java:63): Loading extension points from plug-in file jar:file:/C:/Windows/System32/config/systemprofile/.m2/repository/org/datanucleus/datanucleus-rdbms/5.1.0-m2/datanucleus-rdbms-5.1.0-m2.jar!/plugin.xml.
15:39:59> DEBUG (Log4JLogger.java:63): Loading extensions from plug-in file jar:file:/C:/Windows/System32/config/systemprofile/.m2/repository/org/datanucleus/datanucleus-rdbms/5.1.0-m2/datanucleus-rdbms-5.1.0-m2.jar!/plugin.xml.
15:39:59> DEBUG (Log4JLogger.java:63): Tipos de Java inicializando ...
15:39:59> DEBUG (Log4JLogger.java:63): Soporte para tipos de Java listo : tipos soportados = [B, [C, [D, [F, [I, [J, [Ljava.lang.Boolean;, [Ljava.lang.Byte;, [Ljava.lang.Character;, [Ljava.lang.Double;, [Ljava.lang.Enum;, [Ljava.lang.Float;, [Ljava.lang.Integer;, [Ljava.lang.Long;, [Ljava.lang.Number;, [Ljava.lang.Object;, [Ljava.lang.Short;, [Ljava.lang.String;, [Ljava.math.BigDecimal;, [Ljava.math.BigInteger;, [Ljava.util.Date;, [Ljava.util.Locale;, [S, [Z, boolean, byte, char, double, float, int, java.awt.Color, java.awt.image.BufferedImage, java.lang.Boolean, java.lang.Byte, java.lang.Character, java.lang.Class, java.lang.Double, java.lang.Enum, java.lang.Float, java.lang.Integer, java.lang.Long, java.lang.Number, java.lang.Short, java.lang.String, java.lang.StringBuffer, java.lang.StringBuilder, java.math.BigDecimal, java.math.BigInteger, java.net.URI, java.net.URL, java.sql.Date, java.sql.Time, java.sql.Timestamp, java.time.Duration, java.time.Instant, java.time.LocalDate, java.time.LocalDateTime, java.time.LocalTime, java.time.MonthDay, java.time.OffsetDateTime, java.time.OffsetTime, java.time.Period, java.time.Year, java.time.YearMonth, java.time.ZonedDateTime, java.time.ZoneId, java.time.ZoneOffset, java.util.ArrayList, java.util.Arrays$ArrayList, java.util.BitSet, java.util.Calendar, java.util.Collection, java.util.Currency, java.util.Date, java.util.GregorianCalendar, java.util.HashMap, java.util.HashSet, java.util.Hashtable, java.util.LinkedHashMap, java.util.LinkedHashSet, java.util.LinkedList, java.util.List, java.util.Locale, java.util.Map, java.util.Optional, java.util.PriorityQueue, java.util.Properties, java.util.Queue, java.util.Set, java.util.SortedMap, java.util.SortedSet, java.util.Stack, java.util.TimeZone, java.util.TreeMap, java.util.TreeSet, java.util.UUID, java.util.Vector, long, short
15:39:59> DEBUG (Log4JLogger.java:63): Inicializando TypeConverters ...
15:39:59> DEBUG (Log4JLogger.java:63): TypeConverters listo
15:39:59> DEBUG (Log4JLogger.java:63): TypeConverter(s) available for byte[] to : java.nio.ByteBuffer
15:39:59> DEBUG (Log4JLogger.java:63): TypeConverter(s) available for char[] to : java.nio.ByteBuffer
15:39:59> DEBUG (Log4JLogger.java:63): TypeConverter(s) available for double[] to : java.nio.ByteBuffer
15:39:59> DEBUG (Log4JLogger.java:63): TypeConverter(s) available for float[] to : java.nio.ByteBuffer
15:39:59> DEBUG (Log4JLogger.java:63): TypeConverter(s) available for int[] to : java.nio.ByteBuffer
15:39:59> DEBUG (Log4JLogger.java:63): TypeConverter(s) available for long[] to : java.nio.ByteBuffer
15:39:59> DEBUG (Log4JLogger.java:63): TypeConverter(s) available for short[] to : java.nio.ByteBuffer
15:39:59> DEBUG (Log4JLogger.java:63): TypeConverter(s) available for boolean[] to : java.nio.ByteBuffer
15:39:59> DEBUG (Log4JLogger.java:63): TypeConverter(s) available for java.awt.Color to : java.lang.String,int[]
15:39:59> DEBUG (Log4JLogger.java:63): TypeConverter(s) available for java.awt.image.BufferedImage to : java.nio.ByteBuffer,byte[]
15:39:59> DEBUG (Log4JLogger.java:63): TypeConverter(s) available for java.io.Serializable to : java.lang.String,java.nio.ByteBuffer,byte[]
15:39:59> DEBUG (Log4JLogger.java:63): TypeConverter(s) available for java.lang.Boolean to : java.lang.Integer,java.lang.Character
15:39:59> DEBUG (Log4JLogger.java:63): TypeConverter(s) available for java.lang.Character to : java.lang.String
15:39:59> DEBUG (Log4JLogger.java:63): TypeConverter(s) available for java.lang.Class to : java.lang.String
15:39:59> DEBUG (Log4JLogger.java:63): TypeConverter(s) available for java.lang.Integer to : java.lang.String
15:39:59> DEBUG (Log4JLogger.java:63): TypeConverter(s) available for java.lang.Long to : java.lang.String
15:39:59> DEBUG (Log4JLogger.java:63): TypeConverter(s) available for java.lang.StringBuffer to : java.lang.String
15:39:59> DEBUG (Log4JLogger.java:63): TypeConverter(s) available for java.lang.StringBuilder to : java.lang.String
15:39:59> DEBUG (Log4JLogger.java:63): TypeConverter(s) available for java.math.BigDecimal to : java.lang.Double,java.lang.String,java.nio.ByteBuffer
15:39:59> DEBUG (Log4JLogger.java:63): TypeConverter(s) available for java.math.BigInteger to : java.lang.String,java.nio.ByteBuffer,java.lang.Long
15:39:59> DEBUG (Log4JLogger.java:63): TypeConverter(s) available for java.net.URI to : java.lang.String
15:39:59> DEBUG (Log4JLogger.java:63): TypeConverter(s) available for java.net.URL to : java.lang.String
15:39:59> DEBUG (Log4JLogger.java:63): TypeConverter(s) available for java.sql.Date to : java.util.Date,java.lang.String,java.lang.Long
15:39:59> DEBUG (Log4JLogger.java:63): TypeConverter(s) available for java.sql.Time to : java.util.Date,java.lang.String,java.lang.Long
15:39:59> DEBUG (Log4JLogger.java:63): TypeConverter(s) available for java.sql.Timestamp to : java.util.Date,java.lang.String,java.lang.Long
15:39:59> DEBUG (Log4JLogger.java:63): TypeConverter(s) available for java.time.Duration to : java.lang.Double,java.lang.String,java.lang.Long
15:39:59> DEBUG (Log4JLogger.java:63): TypeConverter(s) available for java.time.Instant to : java.util.Date,java.lang.String,java.sql.Timestamp,java.lang.Long
15:39:59> DEBUG (Log4JLogger.java:63): TypeConverter(s) available for java.time.LocalDate to : java.util.Date,java.sql.Date,java.lang.String
15:39:59> DEBUG (Log4JLogger.java:63): TypeConverter(s) available for java.time.LocalDateTime to : java.util.Date,java.lang.String,java.sql.Timestamp
15:39:59> DEBUG (Log4JLogger.java:63): TypeConverter(s) available for java.time.LocalTime to : java.sql.Time,java.util.Date,java.lang.String,java.lang.Long
15:39:59> DEBUG (Log4JLogger.java:63): TypeConverter(s) available for java.time.MonthDay to : java.util.Date,java.sql.Date,java.lang.String,int[]
15:39:59> DEBUG (Log4JLogger.java:63): TypeConverter(s) available for java.time.OffsetDateTime to : java.util.Date,java.lang.String,java.sql.Timestamp
15:39:59> DEBUG (Log4JLogger.java:63): TypeConverter(s) available for java.time.OffsetTime to : java.sql.Time,java.lang.String,java.lang.Long
15:39:59> DEBUG (Log4JLogger.java:63): TypeConverter(s) available for java.time.Period to : java.lang.String
15:39:59> DEBUG (Log4JLogger.java:63): TypeConverter(s) available for java.time.Year to : java.lang.String,java.lang.Integer
15:39:59> DEBUG (Log4JLogger.java:63): TypeConverter(s) available for java.time.YearMonth to : java.util.Date,java.sql.Date,java.lang.String,int[]
15:39:59> DEBUG (Log4JLogger.java:63): TypeConverter(s) available for java.time.ZonedDateTime to : java.lang.String,java.sql.Timestamp
15:39:59> DEBUG (Log4JLogger.java:63): TypeConverter(s) available for java.time.ZoneId to : java.lang.String
15:39:59> DEBUG (Log4JLogger.java:63): TypeConverter(s) available for java.time.ZoneOffset to : java.lang.String
15:39:59> DEBUG (Log4JLogger.java:63): TypeConverter(s) available for java.util.BitSet to : java.lang.String
15:39:59> DEBUG (Log4JLogger.java:63): TypeConverter(s) available for java.util.Calendar to : java.util.Date,java.lang.String,java.sql.Timestamp,[Ljava.lang.Object;
15:39:59> DEBUG (Log4JLogger.java:63): TypeConverter(s) available for java.util.Currency to : java.lang.String
15:39:59> DEBUG (Log4JLogger.java:63): TypeConverter(s) available for java.util.Date to : java.lang.String,java.lang.Long
15:39:59> DEBUG (Log4JLogger.java:63): TypeConverter(s) available for java.util.Locale to : java.lang.String
15:39:59> DEBUG (Log4JLogger.java:63): TypeConverter(s) available for java.util.TimeZone to : java.lang.String
15:39:59> DEBUG (Log4JLogger.java:63): TypeConverter(s) available for java.util.UUID to : java.lang.String
15:39:59> DEBUG (Log4JLogger.java:63): MetaDataManager : Input=(XML,Annotations), XML-Validation=false, XML-Suffices=(persistence=*.jdo, orm=orm, query=*.jdoquery), JDO-listener=false
15:39:59> INFO  (Log4JLogger.java:82): DataNucleus Enhancer (versión 5.1.0.m2) para el API "JDO" utilisando el JRE "{2}"
15:39:59> DEBUG (Log4JLogger.java:63): DataNucleus Enhancer : Classpath
15:39:59> DEBUG (Log4JLogger.java:63): >>  C:\Windows\System32\config\systemprofile\.m2\repository\org\datanucleus\datanucleus-maven-plugin\5.0.2\datanucleus-maven-plugin-5.0.2.jar
15:39:59> DEBUG (Log4JLogger.java:63): >>  C:\Windows\System32\config\systemprofile\.m2\repository\org\codehaus\plexus\plexus-utils\3.0.8\plexus-utils-3.0.8.jar
15:39:59> DEBUG (Log4JLogger.java:63): >>  C:\Windows\System32\config\systemprofile\.m2\repository\org\apache\maven\maven-artifact\3.0.4\maven-artifact-3.0.4.jar
15:39:59> DEBUG (Log4JLogger.java:63): >>  C:\Windows\System32\config\systemprofile\.m2\repository\org\apache\maven\maven-plugin-api\3.0.4\maven-plugin-api-3.0.4.jar
15:39:59> DEBUG (Log4JLogger.java:63): >>  C:\Windows\System32\config\systemprofile\.m2\repository\org\apache\maven\maven-model\3.0.4\maven-model-3.0.4.jar
15:39:59> DEBUG (Log4JLogger.java:63): >>  C:\Windows\System32\config\systemprofile\.m2\repository\org\sonatype\sisu\sisu-inject-plexus\2.3.0\sisu-inject-plexus-2.3.0.jar
15:39:59> DEBUG (Log4JLogger.java:63): >>  C:\Windows\System32\config\systemprofile\.m2\repository\org\codehaus\plexus\plexus-component-annotations\1.5.5\plexus-component-annotations-1.5.5.jar
15:39:59> DEBUG (Log4JLogger.java:63): >>  C:\Windows\System32\config\systemprofile\.m2\repository\org\sonatype\sisu\sisu-inject-bean\2.3.0\sisu-inject-bean-2.3.0.jar
15:39:59> DEBUG (Log4JLogger.java:63): >>  C:\Windows\System32\config\systemprofile\.m2\repository\org\sonatype\sisu\sisu-guice\3.1.0\sisu-guice-3.1.0-no_aop.jar
15:39:59> DEBUG (Log4JLogger.java:63): >>  C:\Windows\System32\config\systemprofile\.m2\repository\org\sonatype\sisu\sisu-guava\0.9.9\sisu-guava-0.9.9.jar
15:39:59> DEBUG (Log4JLogger.java:63): >>  C:\Windows\System32\config\systemprofile\.m2\repository\org\codehaus\plexus\plexus-container-default\1.5.5\plexus-container-default-1.5.5.jar
15:39:59> DEBUG (Log4JLogger.java:63): >>  C:\Windows\System32\config\systemprofile\.m2\repository\org\codehaus\plexus\plexus-classworlds\2.2.2\plexus-classworlds-2.2.2.jar
15:39:59> DEBUG (Log4JLogger.java:63): >>  C:\Windows\System32\config\systemprofile\.m2\repository\org\apache\xbean\xbean-reflect\3.4\xbean-reflect-3.4.jar
15:39:59> DEBUG (Log4JLogger.java:63): >>  C:\Windows\System32\config\systemprofile\.m2\repository\log4j\log4j\1.2.12\log4j-1.2.12.jar
15:39:59> DEBUG (Log4JLogger.java:63): >>  C:\Windows\System32\config\systemprofile\.m2\repository\commons-logging\commons-logging-api\1.1\commons-logging-api-1.1.jar
15:39:59> DEBUG (Log4JLogger.java:63): >>  C:\Windows\System32\config\systemprofile\.m2\repository\com\google\collections\google-collections\1.0\google-collections-1.0.jar
15:39:59> DEBUG (Log4JLogger.java:63): >>  C:\Windows\System32\config\systemprofile\.m2\repository\junit\junit\3.8.2\junit-3.8.2.jar
15:39:59> DEBUG (Log4JLogger.java:63): >>  C:\Users\Javier\.jenkins\workspace\testJenkins\BookShop\target\classes
15:39:59> DEBUG (Log4JLogger.java:63): >>  C:\WINDOWS\system32\config\systemprofile\.m2\repository\org\datanucleus\datanucleus-core\5.1.0-m2\datanucleus-core-5.1.0-m2.jar
15:39:59> DEBUG (Log4JLogger.java:63): >>  C:\WINDOWS\system32\config\systemprofile\.m2\repository\org\datanucleus\datanucleus-api-jdo\5.1.0-m2\datanucleus-api-jdo-5.1.0-m2.jar
15:39:59> DEBUG (Log4JLogger.java:63): >>  C:\WINDOWS\system32\config\systemprofile\.m2\repository\org\datanucleus\datanucleus-rdbms\5.1.0-m2\datanucleus-rdbms-5.1.0-m2.jar
15:39:59> DEBUG (Log4JLogger.java:63): >>  C:\WINDOWS\system32\config\systemprofile\.m2\repository\log4j\log4j\1.2.17\log4j-1.2.17.jar
15:39:59> DEBUG (Log4JLogger.java:63): >>  C:\WINDOWS\system32\config\systemprofile\.m2\repository\org\datanucleus\javax.jdo\3.2.0-m6\javax.jdo-3.2.0-m6.jar
15:39:59> DEBUG (Log4JLogger.java:63): >>  C:\WINDOWS\system32\config\systemprofile\.m2\repository\javax\transaction\transaction-api\1.1\transaction-api-1.1.jar
15:39:59> DEBUG (Log4JLogger.java:63): >>  C:\WINDOWS\system32\config\systemprofile\.m2\repository\mysql\mysql-connector-java\5.1.41\mysql-connector-java-5.1.41.jar
15:39:59> DEBUG (Log4JLogger.java:63): >>  C:\WINDOWS\system32\config\systemprofile\.m2\repository\org\mockito\mockito-core\2.7.21\mockito-core-2.7.21.jar
15:39:59> DEBUG (Log4JLogger.java:63): >>  C:\WINDOWS\system32\config\systemprofile\.m2\repository\org\ow2\asm\asm\5.2\asm-5.2.jar
15:39:59> DEBUG (Log4JLogger.java:63): >>  C:\WINDOWS\system32\config\systemprofile\.m2\repository\org\slf4j\slf4j-log4j12\1.6.4\slf4j-log4j12-1.6.4.jar
15:39:59> DEBUG (Log4JLogger.java:63): >>  C:\WINDOWS\system32\config\systemprofile\.m2\repository\org\slf4j\slf4j-simple\1.6.4\slf4j-simple-1.6.4.jar
15:39:59> DEBUG (Log4JLogger.java:63): >>  C:\WINDOWS\system32\config\systemprofile\.m2\repository\org\slf4j\slf4j-api\1.6.4\slf4j-api-1.6.4.jar
15:39:59> DEBUG (Log4JLogger.java:63): Reading fileListFile: C:\WINDOWS\TEMP\enhancer-994242437504615345.flf
15:39:59> DEBUG (Log4JLogger.java:63): Enhancing classes
15:39:59> DEBUG (Log4JLogger.java:63): MetaData Management : Carga de Metadata de las clases "[client.Client, db.DAO, db.DB, db.IDAO, db.IDB, server.data.Book, server.data.Review, server.data.User, server.remote.IRemote, server.remote.Remote, server.Server]" ...
15:39:59> DEBUG (Log4JLogger.java:63): No encontramos el MetaData del tipo "jdo" por la clase "client.Client" en /META-INF/package.jdo
15:39:59> DEBUG (Log4JLogger.java:63): No encontramos el MetaData del tipo "jdo" por la clase "client.Client" en /WEB-INF/package.jdo
15:39:59> DEBUG (Log4JLogger.java:63): No encontramos el MetaData del tipo "jdo" por la clase "client.Client" en /package.jdo
15:39:59> DEBUG (Log4JLogger.java:63): No encontramos el MetaData del tipo "jdo" por la clase "client.Client" en /client/package.jdo
15:39:59> DEBUG (Log4JLogger.java:63): No encontramos el MetaData del tipo "jdo" por la clase "client.Client" en /client.jdo
15:39:59> DEBUG (Log4JLogger.java:63): No encontramos el MetaData del tipo "jdo" por la clase "client.Client" en /client/Client.jdo
15:39:59> DEBUG (Log4JLogger.java:63): No hemos encontrado el MetaData del tipo "jdo" por la clase "client.Client"
15:39:59> DEBUG (Log4JLogger.java:63): Registrando la clase "client.Client" no tener Meta-Data
15:39:59> DEBUG (Log4JLogger.java:63): La clase "client.Client" no tiene MetaData o annotaciones.
15:39:59> DEBUG (Log4JLogger.java:63): No encontramos el MetaData del tipo "jdo" por la clase "db.DAO" en /META-INF/package.jdo
15:39:59> DEBUG (Log4JLogger.java:63): No encontramos el MetaData del tipo "jdo" por la clase "db.DAO" en /WEB-INF/package.jdo
15:39:59> DEBUG (Log4JLogger.java:63): No encontramos el MetaData del tipo "jdo" por la clase "db.DAO" en /package.jdo
15:39:59> DEBUG (Log4JLogger.java:63): No encontramos el MetaData del tipo "jdo" por la clase "db.DAO" en /db/package.jdo
15:39:59> DEBUG (Log4JLogger.java:63): No encontramos el MetaData del tipo "jdo" por la clase "db.DAO" en /db.jdo
15:39:59> DEBUG (Log4JLogger.java:63): No encontramos el MetaData del tipo "jdo" por la clase "db.DAO" en /db/DAO.jdo
15:39:59> DEBUG (Log4JLogger.java:63): No hemos encontrado el MetaData del tipo "jdo" por la clase "db.DAO"
15:39:59> DEBUG (Log4JLogger.java:63): Registrando la clase "db.DAO" no tener Meta-Data
15:39:59> DEBUG (Log4JLogger.java:63): La clase "db.DAO" no tiene MetaData o annotaciones.
15:39:59> DEBUG (Log4JLogger.java:63): No encontramos el MetaData del tipo "jdo" por la clase "db.DB" en /META-INF/package.jdo
15:39:59> DEBUG (Log4JLogger.java:63): No encontramos el MetaData del tipo "jdo" por la clase "db.DB" en /WEB-INF/package.jdo
15:39:59> DEBUG (Log4JLogger.java:63): No encontramos el MetaData del tipo "jdo" por la clase "db.DB" en /package.jdo
15:39:59> DEBUG (Log4JLogger.java:63): No encontramos el MetaData del tipo "jdo" por la clase "db.DB" en /db/package.jdo
15:39:59> DEBUG (Log4JLogger.java:63): No encontramos el MetaData del tipo "jdo" por la clase "db.DB" en /db.jdo
15:39:59> DEBUG (Log4JLogger.java:63): No encontramos el MetaData del tipo "jdo" por la clase "db.DB" en /db/DB.jdo
15:39:59> DEBUG (Log4JLogger.java:63): No hemos encontrado el MetaData del tipo "jdo" por la clase "db.DB"
15:39:59> DEBUG (Log4JLogger.java:63): Registrando la clase "db.DB" no tener Meta-Data
15:39:59> DEBUG (Log4JLogger.java:63): La clase "db.DB" no tiene MetaData o annotaciones.
15:39:59> DEBUG (Log4JLogger.java:63): No encontramos el MetaData del tipo "jdo" por la clase "db.IDAO" en /META-INF/package.jdo
15:39:59> DEBUG (Log4JLogger.java:63): No encontramos el MetaData del tipo "jdo" por la clase "db.IDAO" en /WEB-INF/package.jdo
15:39:59> DEBUG (Log4JLogger.java:63): No encontramos el MetaData del tipo "jdo" por la clase "db.IDAO" en /package.jdo
15:39:59> DEBUG (Log4JLogger.java:63): No encontramos el MetaData del tipo "jdo" por la clase "db.IDAO" en /db/package.jdo
15:39:59> DEBUG (Log4JLogger.java:63): No encontramos el MetaData del tipo "jdo" por la clase "db.IDAO" en /db.jdo
15:39:59> DEBUG (Log4JLogger.java:63): No encontramos el MetaData del tipo "jdo" por la clase "db.IDAO" en /db/IDAO.jdo
15:39:59> DEBUG (Log4JLogger.java:63): No hemos encontrado el MetaData del tipo "jdo" por la clase "db.IDAO"
15:39:59> DEBUG (Log4JLogger.java:63): Registrando la clase "db.IDAO" no tener Meta-Data
15:39:59> DEBUG (Log4JLogger.java:63): La clase "db.IDAO" no tiene MetaData o annotaciones.
15:39:59> DEBUG (Log4JLogger.java:63): No encontramos el MetaData del tipo "jdo" por la clase "db.IDB" en /META-INF/package.jdo
15:39:59> DEBUG (Log4JLogger.java:63): No encontramos el MetaData del tipo "jdo" por la clase "db.IDB" en /WEB-INF/package.jdo
15:39:59> DEBUG (Log4JLogger.java:63): No encontramos el MetaData del tipo "jdo" por la clase "db.IDB" en /package.jdo
15:39:59> DEBUG (Log4JLogger.java:63): No encontramos el MetaData del tipo "jdo" por la clase "db.IDB" en /db/package.jdo
15:39:59> DEBUG (Log4JLogger.java:63): No encontramos el MetaData del tipo "jdo" por la clase "db.IDB" en /db.jdo
15:39:59> DEBUG (Log4JLogger.java:63): No encontramos el MetaData del tipo "jdo" por la clase "db.IDB" en /db/IDB.jdo
15:39:59> DEBUG (Log4JLogger.java:63): No hemos encontrado el MetaData del tipo "jdo" por la clase "db.IDB"
15:39:59> DEBUG (Log4JLogger.java:63): Registrando la clase "db.IDB" no tener Meta-Data
15:39:59> DEBUG (Log4JLogger.java:63): La clase "db.IDB" no tiene MetaData o annotaciones.
15:39:59> DEBUG (Log4JLogger.java:63): Clase "server.data.Book" tiene anotaciones de JDO y vamos a usarlas.
15:39:59> DEBUG (Log4JLogger.java:63): Clase "server.data.Review" tiene anotaciones de JDO y vamos a usarlas.
15:39:59> DEBUG (Log4JLogger.java:63): Clase "server.data.User" tiene anotaciones de JDO y vamos a usarlas.
15:39:59> DEBUG (Log4JLogger.java:63): No encontramos el MetaData del tipo "jdo" por la clase "server.remote.IRemote" en /META-INF/package.jdo
15:39:59> DEBUG (Log4JLogger.java:63): No encontramos el MetaData del tipo "jdo" por la clase "server.remote.IRemote" en /WEB-INF/package.jdo
15:39:59> DEBUG (Log4JLogger.java:63): No encontramos el MetaData del tipo "jdo" por la clase "server.remote.IRemote" en /package.jdo
15:39:59> DEBUG (Log4JLogger.java:63): No encontramos el MetaData del tipo "jdo" por la clase "server.remote.IRemote" en /server/package.jdo
15:39:59> DEBUG (Log4JLogger.java:63): No encontramos el MetaData del tipo "jdo" por la clase "server.remote.IRemote" en /server.jdo
15:39:59> DEBUG (Log4JLogger.java:63): No encontramos el MetaData del tipo "jdo" por la clase "server.remote.IRemote" en /server/remote/package.jdo
15:39:59> DEBUG (Log4JLogger.java:63): No encontramos el MetaData del tipo "jdo" por la clase "server.remote.IRemote" en /server/remote.jdo
15:39:59> DEBUG (Log4JLogger.java:63): No encontramos el MetaData del tipo "jdo" por la clase "server.remote.IRemote" en /server/remote/IRemote.jdo
15:39:59> DEBUG (Log4JLogger.java:63): No hemos encontrado el MetaData del tipo "jdo" por la clase "server.remote.IRemote"
15:39:59> DEBUG (Log4JLogger.java:63): Registrando la clase "server.remote.IRemote" no tener Meta-Data
15:39:59> DEBUG (Log4JLogger.java:63): La clase "server.remote.IRemote" no tiene MetaData o annotaciones.
15:39:59> DEBUG (Log4JLogger.java:63): No encontramos el MetaData del tipo "jdo" por la clase "server.remote.Remote" en /META-INF/package.jdo
15:39:59> DEBUG (Log4JLogger.java:63): No encontramos el MetaData del tipo "jdo" por la clase "server.remote.Remote" en /WEB-INF/package.jdo
15:39:59> DEBUG (Log4JLogger.java:63): No encontramos el MetaData del tipo "jdo" por la clase "server.remote.Remote" en /package.jdo
15:39:59> DEBUG (Log4JLogger.java:63): No encontramos el MetaData del tipo "jdo" por la clase "server.remote.Remote" en /server/package.jdo
15:39:59> DEBUG (Log4JLogger.java:63): No encontramos el MetaData del tipo "jdo" por la clase "server.remote.Remote" en /server.jdo
15:39:59> DEBUG (Log4JLogger.java:63): No encontramos el MetaData del tipo "jdo" por la clase "server.remote.Remote" en /server/remote/package.jdo
15:39:59> DEBUG (Log4JLogger.java:63): No encontramos el MetaData del tipo "jdo" por la clase "server.remote.Remote" en /server/remote.jdo
15:39:59> DEBUG (Log4JLogger.java:63): No encontramos el MetaData del tipo "jdo" por la clase "server.remote.Remote" en /server/remote/Remote.jdo
15:39:59> DEBUG (Log4JLogger.java:63): No hemos encontrado el MetaData del tipo "jdo" por la clase "server.remote.Remote"
15:39:59> DEBUG (Log4JLogger.java:63): Registrando la clase "server.remote.Remote" no tener Meta-Data
15:39:59> DEBUG (Log4JLogger.java:63): La clase "server.remote.Remote" no tiene MetaData o annotaciones.
15:39:59> DEBUG (Log4JLogger.java:63): No encontramos el MetaData del tipo "jdo" por la clase "server.Server" en /META-INF/package.jdo
15:39:59> DEBUG (Log4JLogger.java:63): No encontramos el MetaData del tipo "jdo" por la clase "server.Server" en /WEB-INF/package.jdo
15:39:59> DEBUG (Log4JLogger.java:63): No encontramos el MetaData del tipo "jdo" por la clase "server.Server" en /package.jdo
15:39:59> DEBUG (Log4JLogger.java:63): No encontramos el MetaData del tipo "jdo" por la clase "server.Server" en /server/package.jdo
15:39:59> DEBUG (Log4JLogger.java:63): No encontramos el MetaData del tipo "jdo" por la clase "server.Server" en /server.jdo
15:39:59> DEBUG (Log4JLogger.java:63): No encontramos el MetaData del tipo "jdo" por la clase "server.Server" en /server/Server.jdo
15:39:59> DEBUG (Log4JLogger.java:63): No hemos encontrado el MetaData del tipo "jdo" por la clase "server.Server"
15:39:59> DEBUG (Log4JLogger.java:63): Registrando la clase "server.Server" no tener Meta-Data
15:39:59> DEBUG (Log4JLogger.java:63): La clase "server.Server" no tiene MetaData o annotaciones.
15:39:59> DEBUG (Log4JLogger.java:63): Populación del MetaData ...
15:39:59> DEBUG (Log4JLogger.java:63): Clase "server.data.Book" : Populando Meta-Data
15:39:59> DEBUG (Log4JLogger.java:63): Clase "server.data.Book" campo "title" : añadiendo el Meta-Data por el campo como no estaba en la definición de Meta-Data.
15:39:59> DEBUG (Log4JLogger.java:63): Clase "server.data.Book" campo "category" : añadiendo el Meta-Data por el campo como no estaba en la definición de Meta-Data.
15:39:59> DEBUG (Log4JLogger.java:63): Clase "server.data.Book" campo "edition" : añadiendo el Meta-Data por el campo como no estaba en la definición de Meta-Data.
15:39:59> DEBUG (Log4JLogger.java:63): Clase "server.data.Book" campo "author" : añadiendo el Meta-Data por el campo como no estaba en la definición de Meta-Data.
15:39:59> DEBUG (Log4JLogger.java:63): Clase "server.data.Book" campo "price" : añadiendo el Meta-Data por el campo como no estaba en la definición de Meta-Data.
15:39:59> DEBUG (Log4JLogger.java:63): Clase "server.data.Book" campo "description" : añadiendo el Meta-Data por el campo como no estaba en la definición de Meta-Data.
15:39:59> DEBUG (Log4JLogger.java:63): Clase "server.data.Book" campo "img" : añadiendo el Meta-Data por el campo como no estaba en la definición de Meta-Data.
15:39:59> DEBUG (Log4JLogger.java:63): Clase "server.data.Review" : Populando Meta-Data
15:39:59> DEBUG (Log4JLogger.java:63): Clase "server.data.Review" campo "comment" : añadiendo el Meta-Data por el campo como no estaba en la definición de Meta-Data.
15:39:59> DEBUG (Log4JLogger.java:63): Clase "server.data.Review" campo "rating" : añadiendo el Meta-Data por el campo como no estaba en la definición de Meta-Data.
15:39:59> DEBUG (Log4JLogger.java:63): Clase "server.data.User" : Populando Meta-Data
15:39:59> DEBUG (Log4JLogger.java:63): Clase "server.data.User" campo "password" : añadiendo el Meta-Data por el campo como no estaba en la definición de Meta-Data.
15:39:59> DEBUG (Log4JLogger.java:63): Clase "server.data.User" campo "name" : añadiendo el Meta-Data por el campo como no estaba en la definición de Meta-Data.
15:39:59> DEBUG (Log4JLogger.java:63): Clase "server.data.User" campo "address" : añadiendo el Meta-Data por el campo como no estaba en la definición de Meta-Data.
15:39:59> DEBUG (Log4JLogger.java:63): Clase "server.data.User" campo "role" : añadiendo el Meta-Data por el campo como no estaba en la definición de Meta-Data.
15:39:59> DEBUG (Log4JLogger.java:63): Inicialisación del MetaData ...
15:39:59> DEBUG (Log4JLogger.java:63): Clase "server.data.Book" : Inicializando Meta-Data
15:39:59> DEBUG (Log4JLogger.java:63): Clase "server.data.Review" : Inicializando Meta-Data
15:39:59> DEBUG (Log4JLogger.java:63): Clase "server.data.User" : Inicializando Meta-Data
15:39:59> DEBUG (Log4JLogger.java:63): MetaData Management : Carga de Metadata ya ha terminado
15:39:59> DEBUG (Log4JLogger.java:63): Enhance de la clase "server.data.Book" empezando ...
15:39:59> INFO  (Log4JLogger.java:82): La clase "server.data.Book" esta enhanced.
15:39:59> INFO  (Log4JLogger.java:82): ENHANCED (Persistable) : server.data.Book
15:39:59> DEBUG (Log4JLogger.java:63): Enhance de la clase "server.data.Book" ha terminado
15:39:59> DEBUG (Log4JLogger.java:63): Enhance de la clase "server.data.Review" empezando ...
15:39:59> INFO  (Log4JLogger.java:82): La clase "server.data.Review" esta enhanced.
15:39:59> INFO  (Log4JLogger.java:82): ENHANCED (Persistable) : server.data.Review
15:39:59> DEBUG (Log4JLogger.java:63): Enhance de la clase "server.data.Review" ha terminado
15:39:59> DEBUG (Log4JLogger.java:63): Enhance de la clase "server.data.User" empezando ...
15:39:59> INFO  (Log4JLogger.java:82): La clase "server.data.User" esta enhanced.
15:39:59> INFO  (Log4JLogger.java:82): ENHANCED (Persistable) : server.data.User
15:39:59> DEBUG (Log4JLogger.java:63): Enhance de la clase "server.data.User" ha terminado
15:39:59> INFO  (Log4JLogger.java:82): DataNucleus Enhancer ha terminado con exito para 3 clases. Tiempos : input=85 ms, enhance=17 ms, total=102 ms. Compruebe el LOG para los detalles
