\BOOKMARK [0][-]{chapter.1}{\376\377\0001\000\040\000N\000a\000m\000e\000s\000p\000a\000c\000e\000\040\000I\000n\000d\000e\000x}{}% 1
\BOOKMARK [1][-]{section.1.1}{\376\377\0001\000.\0001\000\040\000P\000a\000c\000k\000a\000g\000e\000s}{chapter.1}% 2
\BOOKMARK [0][-]{chapter.2}{\376\377\0002\000\040\000H\000i\000e\000r\000a\000r\000c\000h\000i\000c\000a\000l\000\040\000I\000n\000d\000e\000x}{}% 3
\BOOKMARK [1][-]{section.2.1}{\376\377\0002\000.\0001\000\040\000C\000l\000a\000s\000s\000\040\000H\000i\000e\000r\000a\000r\000c\000h\000y}{chapter.2}% 4
\BOOKMARK [0][-]{chapter.3}{\376\377\0003\000\040\000C\000l\000a\000s\000s\000\040\000I\000n\000d\000e\000x}{}% 5
\BOOKMARK [1][-]{section.3.1}{\376\377\0003\000.\0001\000\040\000C\000l\000a\000s\000s\000\040\000L\000i\000s\000t}{chapter.3}% 6
\BOOKMARK [0][-]{chapter.4}{\376\377\0004\000\040\000F\000i\000l\000e\000\040\000I\000n\000d\000e\000x}{}% 7
\BOOKMARK [1][-]{section.4.1}{\376\377\0004\000.\0001\000\040\000F\000i\000l\000e\000\040\000L\000i\000s\000t}{chapter.4}% 8
\BOOKMARK [0][-]{chapter.5}{\376\377\0005\000\040\000N\000a\000m\000e\000s\000p\000a\000c\000e\000\040\000D\000o\000c\000u\000m\000e\000n\000t\000a\000t\000i\000o\000n}{}% 9
\BOOKMARK [1][-]{section.5.1}{\376\377\0005\000.\0001\000\040\000P\000a\000c\000k\000a\000g\000e\000\040\000c\000l\000i\000e\000n\000t}{chapter.5}% 10
\BOOKMARK [1][-]{section.5.2}{\376\377\0005\000.\0002\000\040\000P\000a\000c\000k\000a\000g\000e\000\040\000c\000l\000i\000e\000n\000t\000.\000g\000u\000i}{chapter.5}% 11
\BOOKMARK [1][-]{section.5.3}{\376\377\0005\000.\0003\000\040\000P\000a\000c\000k\000a\000g\000e\000\040\000d\000b}{chapter.5}% 12
\BOOKMARK [1][-]{section.5.4}{\376\377\0005\000.\0004\000\040\000P\000a\000c\000k\000a\000g\000e\000\040\000s\000e\000r\000v\000e\000r}{chapter.5}% 13
\BOOKMARK [1][-]{section.5.5}{\376\377\0005\000.\0005\000\040\000P\000a\000c\000k\000a\000g\000e\000\040\000s\000e\000r\000v\000e\000r\000.\000d\000a\000t\000a}{chapter.5}% 14
\BOOKMARK [1][-]{section.5.6}{\376\377\0005\000.\0006\000\040\000P\000a\000c\000k\000a\000g\000e\000\040\000s\000e\000r\000v\000e\000r\000.\000r\000e\000m\000o\000t\000e}{chapter.5}% 15
\BOOKMARK [0][-]{chapter.6}{\376\377\0006\000\040\000C\000l\000a\000s\000s\000\040\000D\000o\000c\000u\000m\000e\000n\000t\000a\000t\000i\000o\000n}{}% 16
\BOOKMARK [1][-]{section.6.1}{\376\377\0006\000.\0001\000\040\000c\000l\000i\000e\000n\000t\000.\000g\000u\000i\000.\000A\000d\000d\000B\000o\000o\000k\000s\000\040\000C\000l\000a\000s\000s\000\040\000R\000e\000f\000e\000r\000e\000n\000c\000e}{chapter.6}% 17
\BOOKMARK [2][-]{subsection.6.1.1}{\376\377\0006\000.\0001\000.\0001\000\040\000C\000o\000n\000s\000t\000r\000u\000c\000t\000o\000r\000\040\000\046\000\040\000D\000e\000s\000t\000r\000u\000c\000t\000o\000r\000\040\000D\000o\000c\000u\000m\000e\000n\000t\000a\000t\000i\000o\000n}{section.6.1}% 18
\BOOKMARK [3][-]{subsubsection.6.1.1.1}{\376\377\0006\000.\0001\000.\0001\000.\0001\000\040\000A\000d\000d\000B\000o\000o\000k\000s\000\050\000\051}{subsection.6.1.1}% 19
\BOOKMARK [2][-]{subsection.6.1.2}{\376\377\0006\000.\0001\000.\0002\000\040\000M\000e\000m\000b\000e\000r\000\040\000F\000u\000n\000c\000t\000i\000o\000n\000\040\000D\000o\000c\000u\000m\000e\000n\000t\000a\000t\000i\000o\000n}{section.6.1}% 20
\BOOKMARK [3][-]{subsubsection.6.1.2.1}{\376\377\0006\000.\0001\000.\0002\000.\0001\000\040\000m\000a\000i\000n\000\050\000\051}{subsection.6.1.2}% 21
\BOOKMARK [1][-]{section.6.2}{\376\377\0006\000.\0002\000\040\000s\000e\000r\000v\000e\000r\000.\000d\000a\000t\000a\000.\000B\000o\000o\000k\000\040\000C\000l\000a\000s\000s\000\040\000R\000e\000f\000e\000r\000e\000n\000c\000e}{chapter.6}% 22
\BOOKMARK [2][-]{subsection.6.2.1}{\376\377\0006\000.\0002\000.\0001\000\040\000C\000o\000n\000s\000t\000r\000u\000c\000t\000o\000r\000\040\000\046\000\040\000D\000e\000s\000t\000r\000u\000c\000t\000o\000r\000\040\000D\000o\000c\000u\000m\000e\000n\000t\000a\000t\000i\000o\000n}{section.6.2}% 23
\BOOKMARK [3][-]{subsubsection.6.2.1.1}{\376\377\0006\000.\0002\000.\0001\000.\0001\000\040\000B\000o\000o\000k\000\050\000\051\000\040\000[\0001\000/\0002\000]}{subsection.6.2.1}% 24
\BOOKMARK [3][-]{subsubsection.6.2.1.2}{\376\377\0006\000.\0002\000.\0001\000.\0002\000\040\000B\000o\000o\000k\000\050\000\051\000\040\000[\0002\000/\0002\000]}{subsection.6.2.1}% 25
\BOOKMARK [2][-]{subsection.6.2.2}{\376\377\0006\000.\0002\000.\0002\000\040\000M\000e\000m\000b\000e\000r\000\040\000F\000u\000n\000c\000t\000i\000o\000n\000\040\000D\000o\000c\000u\000m\000e\000n\000t\000a\000t\000i\000o\000n}{section.6.2}% 26
\BOOKMARK [3][-]{subsubsection.6.2.2.1}{\376\377\0006\000.\0002\000.\0002\000.\0001\000\040\000a\000d\000d\000R\000e\000v\000i\000e\000w\000\050\000\051}{subsection.6.2.2}% 27
\BOOKMARK [3][-]{subsubsection.6.2.2.2}{\376\377\0006\000.\0002\000.\0002\000.\0002\000\040\000a\000d\000d\000U\000s\000e\000r\000\050\000\051}{subsection.6.2.2}% 28
\BOOKMARK [3][-]{subsubsection.6.2.2.3}{\376\377\0006\000.\0002\000.\0002\000.\0003\000\040\000g\000e\000t\000A\000u\000t\000h\000o\000r\000\050\000\051}{subsection.6.2.2}% 29
\BOOKMARK [3][-]{subsubsection.6.2.2.4}{\376\377\0006\000.\0002\000.\0002\000.\0004\000\040\000g\000e\000t\000C\000a\000t\000e\000g\000o\000r\000y\000\050\000\051}{subsection.6.2.2}% 30
\BOOKMARK [3][-]{subsubsection.6.2.2.5}{\376\377\0006\000.\0002\000.\0002\000.\0005\000\040\000g\000e\000t\000D\000e\000s\000c\000r\000i\000p\000t\000i\000o\000n\000\050\000\051}{subsection.6.2.2}% 31
\BOOKMARK [3][-]{subsubsection.6.2.2.6}{\376\377\0006\000.\0002\000.\0002\000.\0006\000\040\000g\000e\000t\000E\000d\000i\000t\000i\000o\000n\000\050\000\051}{subsection.6.2.2}% 32
\BOOKMARK [3][-]{subsubsection.6.2.2.7}{\376\377\0006\000.\0002\000.\0002\000.\0007\000\040\000g\000e\000t\000I\000m\000g\000\050\000\051}{subsection.6.2.2}% 33
\BOOKMARK [3][-]{subsubsection.6.2.2.8}{\376\377\0006\000.\0002\000.\0002\000.\0008\000\040\000g\000e\000t\000I\000S\000B\000N\000\050\000\051}{subsection.6.2.2}% 34
\BOOKMARK [3][-]{subsubsection.6.2.2.9}{\376\377\0006\000.\0002\000.\0002\000.\0009\000\040\000g\000e\000t\000P\000r\000i\000c\000e\000\050\000\051}{subsection.6.2.2}% 35
\BOOKMARK [3][-]{subsubsection.6.2.2.10}{\376\377\0006\000.\0002\000.\0002\000.\0001\0000\000\040\000g\000e\000t\000R\000e\000v\000i\000e\000w\000s\000\050\000\051}{subsection.6.2.2}% 36
\BOOKMARK [3][-]{subsubsection.6.2.2.11}{\376\377\0006\000.\0002\000.\0002\000.\0001\0001\000\040\000g\000e\000t\000T\000i\000t\000l\000e\000\050\000\051}{subsection.6.2.2}% 37
\BOOKMARK [3][-]{subsubsection.6.2.2.12}{\376\377\0006\000.\0002\000.\0002\000.\0001\0002\000\040\000g\000e\000t\000U\000s\000e\000r\000s\000\050\000\051}{subsection.6.2.2}% 38
\BOOKMARK [3][-]{subsubsection.6.2.2.13}{\376\377\0006\000.\0002\000.\0002\000.\0001\0003\000\040\000r\000e\000m\000o\000v\000e\000R\000e\000v\000i\000e\000w\000\050\000\051}{subsection.6.2.2}% 39
\BOOKMARK [3][-]{subsubsection.6.2.2.14}{\376\377\0006\000.\0002\000.\0002\000.\0001\0004\000\040\000r\000e\000m\000o\000v\000e\000U\000s\000e\000r\000\050\000\051}{subsection.6.2.2}% 40
\BOOKMARK [3][-]{subsubsection.6.2.2.15}{\376\377\0006\000.\0002\000.\0002\000.\0001\0005\000\040\000s\000e\000t\000A\000u\000t\000h\000o\000r\000\050\000\051}{subsection.6.2.2}% 41
\BOOKMARK [3][-]{subsubsection.6.2.2.16}{\376\377\0006\000.\0002\000.\0002\000.\0001\0006\000\040\000s\000e\000t\000C\000a\000t\000e\000g\000o\000r\000y\000\050\000\051}{subsection.6.2.2}% 42
\BOOKMARK [3][-]{subsubsection.6.2.2.17}{\376\377\0006\000.\0002\000.\0002\000.\0001\0007\000\040\000s\000e\000t\000D\000e\000s\000c\000r\000i\000p\000t\000i\000o\000n\000\050\000\051}{subsection.6.2.2}% 43
\BOOKMARK [3][-]{subsubsection.6.2.2.18}{\376\377\0006\000.\0002\000.\0002\000.\0001\0008\000\040\000s\000e\000t\000E\000d\000i\000t\000i\000o\000n\000\050\000\051}{subsection.6.2.2}% 44
\BOOKMARK [3][-]{subsubsection.6.2.2.19}{\376\377\0006\000.\0002\000.\0002\000.\0001\0009\000\040\000s\000e\000t\000I\000m\000g\000\050\000\051}{subsection.6.2.2}% 45
\BOOKMARK [3][-]{subsubsection.6.2.2.20}{\376\377\0006\000.\0002\000.\0002\000.\0002\0000\000\040\000s\000e\000t\000I\000S\000B\000N\000\050\000\051}{subsection.6.2.2}% 46
\BOOKMARK [3][-]{subsubsection.6.2.2.21}{\376\377\0006\000.\0002\000.\0002\000.\0002\0001\000\040\000s\000e\000t\000P\000r\000i\000c\000e\000\050\000\051}{subsection.6.2.2}% 47
\BOOKMARK [3][-]{subsubsection.6.2.2.22}{\376\377\0006\000.\0002\000.\0002\000.\0002\0002\000\040\000s\000e\000t\000T\000i\000t\000l\000e\000\050\000\051}{subsection.6.2.2}% 48
\BOOKMARK [3][-]{subsubsection.6.2.2.23}{\376\377\0006\000.\0002\000.\0002\000.\0002\0003\000\040\000t\000o\000S\000t\000r\000i\000n\000g\000\050\000\051}{subsection.6.2.2}% 49
\BOOKMARK [1][-]{section.6.3}{\376\377\0006\000.\0003\000\040\000c\000l\000i\000e\000n\000t\000.\000C\000l\000i\000e\000n\000t\000\040\000C\000l\000a\000s\000s\000\040\000R\000e\000f\000e\000r\000e\000n\000c\000e}{chapter.6}% 50
\BOOKMARK [2][-]{subsection.6.3.1}{\376\377\0006\000.\0003\000.\0001\000\040\000M\000e\000m\000b\000e\000r\000\040\000F\000u\000n\000c\000t\000i\000o\000n\000\040\000D\000o\000c\000u\000m\000e\000n\000t\000a\000t\000i\000o\000n}{section.6.3}% 51
\BOOKMARK [3][-]{subsubsection.6.3.1.1}{\376\377\0006\000.\0003\000.\0001\000.\0001\000\040\000b\000u\000y\000B\000o\000o\000k\000\050\000\051}{subsection.6.3.1}% 52
\BOOKMARK [3][-]{subsubsection.6.3.1.2}{\376\377\0006\000.\0003\000.\0001\000.\0002\000\040\000d\000i\000s\000p\000l\000a\000y\000M\000e\000n\000u\000\050\000\051}{subsection.6.3.1}% 53
\BOOKMARK [3][-]{subsubsection.6.3.1.3}{\376\377\0006\000.\0003\000.\0001\000.\0003\000\040\000d\000i\000s\000p\000l\000a\000y\000S\000u\000b\000M\000e\000n\000u\000\050\000\051}{subsection.6.3.1}% 54
\BOOKMARK [3][-]{subsubsection.6.3.1.4}{\376\377\0006\000.\0003\000.\0001\000.\0004\000\040\000l\000o\000g\000I\000n\000\050\000\051}{subsection.6.3.1}% 55
\BOOKMARK [3][-]{subsubsection.6.3.1.5}{\376\377\0006\000.\0003\000.\0001\000.\0005\000\040\000m\000a\000i\000n\000\050\000\051}{subsection.6.3.1}% 56
\BOOKMARK [3][-]{subsubsection.6.3.1.6}{\376\377\0006\000.\0003\000.\0001\000.\0006\000\040\000m\000a\000i\000n\000M\000e\000n\000u\000\050\000\051}{subsection.6.3.1}% 57
\BOOKMARK [3][-]{subsubsection.6.3.1.7}{\376\377\0006\000.\0003\000.\0001\000.\0007\000\040\000m\000e\000n\000u\000B\000o\000o\000k\000\050\000\051}{subsection.6.3.1}% 58
\BOOKMARK [3][-]{subsubsection.6.3.1.8}{\376\377\0006\000.\0003\000.\0001\000.\0008\000\040\000m\000e\000n\000u\000R\000e\000v\000i\000e\000w\000s\000\050\000\051}{subsection.6.3.1}% 59
\BOOKMARK [3][-]{subsubsection.6.3.1.9}{\376\377\0006\000.\0003\000.\0001\000.\0009\000\040\000m\000e\000n\000u\000S\000e\000a\000r\000c\000h\000\050\000\051}{subsection.6.3.1}% 60
\BOOKMARK [3][-]{subsubsection.6.3.1.10}{\376\377\0006\000.\0003\000.\0001\000.\0001\0000\000\040\000m\000e\000n\000u\000S\000h\000o\000w\000B\000o\000o\000k\000s\000\050\000\051}{subsection.6.3.1}% 61
\BOOKMARK [3][-]{subsubsection.6.3.1.11}{\376\377\0006\000.\0003\000.\0001\000.\0001\0001\000\040\000s\000e\000a\000r\000c\000h\000I\000S\000B\000N\000\050\000\051}{subsection.6.3.1}% 62
\BOOKMARK [3][-]{subsubsection.6.3.1.12}{\376\377\0006\000.\0003\000.\0001\000.\0001\0002\000\040\000s\000e\000a\000r\000c\000h\000T\000i\000t\000l\000e\000\050\000\051}{subsection.6.3.1}% 63
\BOOKMARK [3][-]{subsubsection.6.3.1.13}{\376\377\0006\000.\0003\000.\0001\000.\0001\0003\000\040\000s\000h\000o\000w\000B\000o\000o\000k\000\050\000\051}{subsection.6.3.1}% 64
\BOOKMARK [3][-]{subsubsection.6.3.1.14}{\376\377\0006\000.\0003\000.\0001\000.\0001\0004\000\040\000s\000h\000o\000w\000B\000o\000o\000k\000s\000\050\000\051}{subsection.6.3.1}% 65
\BOOKMARK [3][-]{subsubsection.6.3.1.15}{\376\377\0006\000.\0003\000.\0001\000.\0001\0005\000\040\000s\000i\000g\000n\000U\000p\000\050\000\051}{subsection.6.3.1}% 66
\BOOKMARK [1][-]{section.6.4}{\376\377\0006\000.\0004\000\040\000s\000e\000r\000v\000e\000r\000.\000C\000o\000n\000t\000i\000P\000e\000r\000f\000T\000e\000s\000t\000\040\000C\000l\000a\000s\000s\000\040\000R\000e\000f\000e\000r\000e\000n\000c\000e}{chapter.6}% 67
\BOOKMARK [2][-]{subsection.6.4.1}{\376\377\0006\000.\0004\000.\0001\000\040\000M\000e\000m\000b\000e\000r\000\040\000F\000u\000n\000c\000t\000i\000o\000n\000\040\000D\000o\000c\000u\000m\000e\000n\000t\000a\000t\000i\000o\000n}{section.6.4}% 68
\BOOKMARK [3][-]{subsubsection.6.4.1.1}{\376\377\0006\000.\0004\000.\0001\000.\0001\000\040\000r\000e\000g\000i\000s\000t\000e\000r\000N\000e\000w\000U\000s\000e\000r\000T\000e\000s\000t\000\050\000\051}{subsection.6.4.1}% 69
\BOOKMARK [3][-]{subsubsection.6.4.1.2}{\376\377\0006\000.\0004\000.\0001\000.\0002\000\040\000s\000h\000o\000w\000B\000o\000o\000k\000T\000h\000r\000e\000a\000d\000s\000\050\000\051}{subsection.6.4.1}% 70
\BOOKMARK [3][-]{subsubsection.6.4.1.3}{\376\377\0006\000.\0004\000.\0001\000.\0003\000\040\000s\000h\000o\000w\000B\000o\000o\000k\000T\000h\000r\000e\000a\000d\000s\0002\000\050\000\051}{subsection.6.4.1}% 71
\BOOKMARK [3][-]{subsubsection.6.4.1.4}{\376\377\0006\000.\0004\000.\0001\000.\0004\000\040\000s\000t\000o\000r\000e\000B\000o\000o\000k\000\050\000\051}{subsection.6.4.1}% 72
\BOOKMARK [3][-]{subsubsection.6.4.1.5}{\376\377\0006\000.\0004\000.\0001\000.\0005\000\040\000s\000t\000o\000r\000e\000B\000o\000o\000k\000D\000u\000r\000a\000t\000i\000o\000n\000\050\000\051}{subsection.6.4.1}% 73
\BOOKMARK [3][-]{subsubsection.6.4.1.6}{\376\377\0006\000.\0004\000.\0001\000.\0006\000\040\000s\000u\000i\000t\000e\000\050\000\051}{subsection.6.4.1}% 74
\BOOKMARK [2][-]{subsection.6.4.2}{\376\377\0006\000.\0004\000.\0002\000\040\000M\000e\000m\000b\000e\000r\000\040\000D\000a\000t\000a\000\040\000D\000o\000c\000u\000m\000e\000n\000t\000a\000t\000i\000o\000n}{section.6.4}% 75
\BOOKMARK [3][-]{subsubsection.6.4.2.1}{\376\377\0006\000.\0004\000.\0002\000.\0001\000\040\000r\000u\000l\000e}{subsection.6.4.2}% 76
\BOOKMARK [1][-]{section.6.5}{\376\377\0006\000.\0005\000\040\000d\000b\000.\000D\000A\000O\000\040\000C\000l\000a\000s\000s\000\040\000R\000e\000f\000e\000r\000e\000n\000c\000e}{chapter.6}% 77
\BOOKMARK [2][-]{subsection.6.5.1}{\376\377\0006\000.\0005\000.\0001\000\040\000C\000o\000n\000s\000t\000r\000u\000c\000t\000o\000r\000\040\000\046\000\040\000D\000e\000s\000t\000r\000u\000c\000t\000o\000r\000\040\000D\000o\000c\000u\000m\000e\000n\000t\000a\000t\000i\000o\000n}{section.6.5}% 78
\BOOKMARK [3][-]{subsubsection.6.5.1.1}{\376\377\0006\000.\0005\000.\0001\000.\0001\000\040\000D\000A\000O\000\050\000\051}{subsection.6.5.1}% 79
\BOOKMARK [2][-]{subsection.6.5.2}{\376\377\0006\000.\0005\000.\0002\000\040\000M\000e\000m\000b\000e\000r\000\040\000F\000u\000n\000c\000t\000i\000o\000n\000\040\000D\000o\000c\000u\000m\000e\000n\000t\000a\000t\000i\000o\000n}{section.6.5}% 80
\BOOKMARK [3][-]{subsubsection.6.5.2.1}{\376\377\0006\000.\0005\000.\0002\000.\0001\000\040\000d\000e\000l\000e\000t\000e\000B\000o\000o\000k\000\050\000\051}{subsection.6.5.2}% 81
\BOOKMARK [3][-]{subsubsection.6.5.2.2}{\376\377\0006\000.\0005\000.\0002\000.\0002\000\040\000d\000e\000l\000e\000t\000e\000R\000e\000v\000i\000e\000w\000\050\000\051}{subsection.6.5.2}% 82
\BOOKMARK [3][-]{subsubsection.6.5.2.3}{\376\377\0006\000.\0005\000.\0002\000.\0003\000\040\000g\000e\000t\000A\000l\000l\000B\000o\000o\000k\000s\000\050\000\051}{subsection.6.5.2}% 83
\BOOKMARK [3][-]{subsubsection.6.5.2.4}{\376\377\0006\000.\0005\000.\0002\000.\0004\000\040\000g\000e\000t\000A\000l\000l\000R\000e\000v\000i\000e\000w\000s\000\050\000\051}{subsection.6.5.2}% 84
\BOOKMARK [3][-]{subsubsection.6.5.2.5}{\376\377\0006\000.\0005\000.\0002\000.\0005\000\040\000g\000e\000t\000A\000l\000l\000U\000s\000e\000r\000s\000\050\000\051}{subsection.6.5.2}% 85
\BOOKMARK [3][-]{subsubsection.6.5.2.6}{\376\377\0006\000.\0005\000.\0002\000.\0006\000\040\000r\000e\000t\000r\000i\000e\000v\000e\000B\000o\000o\000k\000\050\000\051}{subsection.6.5.2}% 86
\BOOKMARK [3][-]{subsubsection.6.5.2.7}{\376\377\0006\000.\0005\000.\0002\000.\0007\000\040\000r\000e\000t\000r\000i\000e\000v\000e\000B\000o\000o\000k\000B\000y\000P\000a\000r\000a\000m\000e\000t\000e\000r\000\050\000\051}{subsection.6.5.2}% 87
\BOOKMARK [3][-]{subsubsection.6.5.2.8}{\376\377\0006\000.\0005\000.\0002\000.\0008\000\040\000r\000e\000t\000r\000i\000e\000v\000e\000R\000e\000v\000i\000e\000w\000\050\000\051}{subsection.6.5.2}% 88
\BOOKMARK [3][-]{subsubsection.6.5.2.9}{\376\377\0006\000.\0005\000.\0002\000.\0009\000\040\000r\000e\000t\000r\000i\000e\000v\000e\000U\000s\000e\000r\000\050\000\051}{subsection.6.5.2}% 89
\BOOKMARK [3][-]{subsubsection.6.5.2.10}{\376\377\0006\000.\0005\000.\0002\000.\0001\0000\000\040\000s\000t\000o\000r\000e\000B\000o\000o\000k\000\050\000\051}{subsection.6.5.2}% 90
\BOOKMARK [3][-]{subsubsection.6.5.2.11}{\376\377\0006\000.\0005\000.\0002\000.\0001\0001\000\040\000s\000t\000o\000r\000e\000U\000s\000e\000r\000\050\000\051}{subsection.6.5.2}% 91
\BOOKMARK [3][-]{subsubsection.6.5.2.12}{\376\377\0006\000.\0005\000.\0002\000.\0001\0002\000\040\000u\000p\000d\000a\000t\000e\000B\000o\000o\000k\000\050\000\051}{subsection.6.5.2}% 92
\BOOKMARK [3][-]{subsubsection.6.5.2.13}{\376\377\0006\000.\0005\000.\0002\000.\0001\0003\000\040\000u\000p\000d\000a\000t\000e\000R\000e\000v\000i\000e\000w\000\050\000\051}{subsection.6.5.2}% 93
\BOOKMARK [3][-]{subsubsection.6.5.2.14}{\376\377\0006\000.\0005\000.\0002\000.\0001\0004\000\040\000u\000p\000d\000a\000t\000e\000U\000s\000e\000r\000\050\000\051}{subsection.6.5.2}% 94
\BOOKMARK [1][-]{section.6.6}{\376\377\0006\000.\0006\000\040\000s\000e\000r\000v\000e\000r\000.\000D\000A\000O\000M\000o\000c\000k\000T\000e\000s\000t\000\040\000C\000l\000a\000s\000s\000\040\000R\000e\000f\000e\000r\000e\000n\000c\000e}{chapter.6}% 95
\BOOKMARK [2][-]{subsection.6.6.1}{\376\377\0006\000.\0006\000.\0001\000\040\000M\000e\000m\000b\000e\000r\000\040\000F\000u\000n\000c\000t\000i\000o\000n\000\040\000D\000o\000c\000u\000m\000e\000n\000t\000a\000t\000i\000o\000n}{section.6.6}% 96
\BOOKMARK [3][-]{subsubsection.6.6.1.1}{\376\377\0006\000.\0006\000.\0001\000.\0001\000\040\000s\000e\000t\000U\000p\000\050\000\051}{subsection.6.6.1}% 97
\BOOKMARK [3][-]{subsubsection.6.6.1.2}{\376\377\0006\000.\0006\000.\0001\000.\0002\000\040\000s\000u\000i\000t\000e\000\050\000\051}{subsection.6.6.1}% 98
\BOOKMARK [3][-]{subsubsection.6.6.1.3}{\376\377\0006\000.\0006\000.\0001\000.\0003\000\040\000t\000e\000s\000t\000A\000d\000d\000B\000o\000o\000k\000I\000n\000v\000a\000l\000i\000d\000R\000e\000m\000o\000t\000e\000\050\000\051}{subsection.6.6.1}% 99
\BOOKMARK [3][-]{subsubsection.6.6.1.4}{\376\377\0006\000.\0006\000.\0001\000.\0004\000\040\000t\000e\000s\000t\000A\000d\000d\000B\000o\000o\000k\000V\000a\000l\000i\000d\000\050\000\051}{subsection.6.6.1}% 100
\BOOKMARK [3][-]{subsubsection.6.6.1.5}{\376\377\0006\000.\0006\000.\0001\000.\0005\000\040\000t\000e\000s\000t\000R\000e\000g\000i\000s\000t\000e\000r\000U\000s\000e\000r\000A\000l\000r\000e\000a\000d\000y\000E\000x\000i\000s\000t\000s\000\050\000\051}{subsection.6.6.1}% 101
\BOOKMARK [3][-]{subsubsection.6.6.1.6}{\376\377\0006\000.\0006\000.\0001\000.\0006\000\040\000t\000e\000s\000t\000R\000e\000g\000i\000s\000t\000e\000r\000U\000s\000e\000r\000C\000o\000r\000r\000e\000c\000t\000l\000y\000\050\000\051}{subsection.6.6.1}% 102
\BOOKMARK [1][-]{section.6.7}{\376\377\0006\000.\0007\000\040\000d\000b\000.\000D\000B\000\040\000C\000l\000a\000s\000s\000\040\000R\000e\000f\000e\000r\000e\000n\000c\000e}{chapter.6}% 103
\BOOKMARK [2][-]{subsection.6.7.1}{\376\377\0006\000.\0007\000.\0001\000\040\000C\000o\000n\000s\000t\000r\000u\000c\000t\000o\000r\000\040\000\046\000\040\000D\000e\000s\000t\000r\000u\000c\000t\000o\000r\000\040\000D\000o\000c\000u\000m\000e\000n\000t\000a\000t\000i\000o\000n}{section.6.7}% 104
\BOOKMARK [3][-]{subsubsection.6.7.1.1}{\376\377\0006\000.\0007\000.\0001\000.\0001\000\040\000D\000B\000\050\000\051\000\040\000[\0001\000/\0002\000]}{subsection.6.7.1}% 105
\BOOKMARK [3][-]{subsubsection.6.7.1.2}{\376\377\0006\000.\0007\000.\0001\000.\0002\000\040\000D\000B\000\050\000\051\000\040\000[\0002\000/\0002\000]}{subsection.6.7.1}% 106
\BOOKMARK [2][-]{subsection.6.7.2}{\376\377\0006\000.\0007\000.\0002\000\040\000M\000e\000m\000b\000e\000r\000\040\000F\000u\000n\000c\000t\000i\000o\000n\000\040\000D\000o\000c\000u\000m\000e\000n\000t\000a\000t\000i\000o\000n}{section.6.7}% 107
\BOOKMARK [3][-]{subsubsection.6.7.2.1}{\376\377\0006\000.\0007\000.\0002\000.\0001\000\040\000a\000d\000d\000B\000o\000o\000k\000T\000o\000D\000b\000\050\000\051}{subsection.6.7.2}% 108
\BOOKMARK [3][-]{subsubsection.6.7.2.2}{\376\377\0006\000.\0007\000.\0002\000.\0002\000\040\000a\000d\000d\000R\000e\000v\000i\000e\000w\000\050\000\051}{subsection.6.7.2}% 109
\BOOKMARK [3][-]{subsubsection.6.7.2.3}{\376\377\0006\000.\0007\000.\0002\000.\0003\000\040\000a\000v\000e\000r\000a\000g\000e\000R\000a\000t\000i\000n\000g\000B\000y\000B\000o\000o\000k\000\050\000\051}{subsection.6.7.2}% 110
\BOOKMARK [3][-]{subsubsection.6.7.2.4}{\376\377\0006\000.\0007\000.\0002\000.\0004\000\040\000a\000v\000e\000r\000a\000g\000e\000R\000a\000t\000i\000n\000g\000B\000y\000U\000s\000e\000r\000\050\000\051}{subsection.6.7.2}% 111
\BOOKMARK [3][-]{subsubsection.6.7.2.5}{\376\377\0006\000.\0007\000.\0002\000.\0005\000\040\000b\000u\000y\000B\000o\000o\000k\000\050\000\051}{subsection.6.7.2}% 112
\BOOKMARK [3][-]{subsubsection.6.7.2.6}{\376\377\0006\000.\0007\000.\0002\000.\0006\000\040\000d\000e\000l\000e\000t\000e\000B\000o\000o\000k\000\050\000\051}{subsection.6.7.2}% 113
\BOOKMARK [3][-]{subsubsection.6.7.2.7}{\376\377\0006\000.\0007\000.\0002\000.\0007\000\040\000d\000e\000l\000e\000t\000e\000R\000e\000v\000i\000e\000w\000\050\000\051}{subsection.6.7.2}% 114
\BOOKMARK [3][-]{subsubsection.6.7.2.8}{\376\377\0006\000.\0007\000.\0002\000.\0008\000\040\000g\000e\000t\000A\000l\000l\000B\000o\000o\000k\000s\000\050\000\051}{subsection.6.7.2}% 115
\BOOKMARK [3][-]{subsubsection.6.7.2.9}{\376\377\0006\000.\0007\000.\0002\000.\0009\000\040\000g\000e\000t\000A\000l\000l\000R\000e\000v\000i\000e\000w\000s\000\050\000\051}{subsection.6.7.2}% 116
\BOOKMARK [3][-]{subsubsection.6.7.2.10}{\376\377\0006\000.\0007\000.\0002\000.\0001\0000\000\040\000g\000e\000t\000A\000l\000l\000U\000s\000e\000r\000s\000\050\000\051}{subsection.6.7.2}% 117
\BOOKMARK [3][-]{subsubsection.6.7.2.11}{\376\377\0006\000.\0007\000.\0002\000.\0001\0001\000\040\000g\000e\000t\000B\000o\000o\000k\000R\000e\000v\000i\000e\000w\000s\000\050\000\051}{subsection.6.7.2}% 118
\BOOKMARK [3][-]{subsubsection.6.7.2.12}{\376\377\0006\000.\0007\000.\0002\000.\0001\0002\000\040\000g\000e\000t\000U\000s\000e\000r\000R\000e\000v\000i\000e\000w\000s\000\050\000\051}{subsection.6.7.2}% 119
\BOOKMARK [3][-]{subsubsection.6.7.2.13}{\376\377\0006\000.\0007\000.\0002\000.\0001\0003\000\040\000r\000e\000g\000i\000s\000t\000e\000r\000U\000s\000e\000r\000\050\000\051\000\040\000[\0001\000/\0002\000]}{subsection.6.7.2}% 120
\BOOKMARK [3][-]{subsubsection.6.7.2.14}{\376\377\0006\000.\0007\000.\0002\000.\0001\0004\000\040\000r\000e\000g\000i\000s\000t\000e\000r\000U\000s\000e\000r\000\050\000\051\000\040\000[\0002\000/\0002\000]}{subsection.6.7.2}% 121
\BOOKMARK [3][-]{subsubsection.6.7.2.15}{\376\377\0006\000.\0007\000.\0002\000.\0001\0005\000\040\000s\000h\000o\000w\000B\000o\000o\000k\000B\000y\000I\000S\000B\000N\000\050\000\051}{subsection.6.7.2}% 122
\BOOKMARK [3][-]{subsubsection.6.7.2.16}{\376\377\0006\000.\0007\000.\0002\000.\0001\0006\000\040\000s\000h\000o\000w\000B\000o\000o\000k\000B\000y\000T\000i\000t\000l\000e\000\050\000\051}{subsection.6.7.2}% 123
\BOOKMARK [3][-]{subsubsection.6.7.2.17}{\376\377\0006\000.\0007\000.\0002\000.\0001\0007\000\040\000s\000h\000o\000w\000R\000e\000v\000i\000e\000w\000\050\000\051}{subsection.6.7.2}% 124
\BOOKMARK [3][-]{subsubsection.6.7.2.18}{\376\377\0006\000.\0007\000.\0002\000.\0001\0008\000\040\000s\000h\000o\000w\000U\000s\000e\000r\000\050\000\051}{subsection.6.7.2}% 125
\BOOKMARK [1][-]{section.6.8}{\376\377\0006\000.\0008\000\040\000d\000b\000.\000I\000D\000A\000O\000\040\000I\000n\000t\000e\000r\000f\000a\000c\000e\000\040\000R\000e\000f\000e\000r\000e\000n\000c\000e}{chapter.6}% 126
\BOOKMARK [2][-]{subsection.6.8.1}{\376\377\0006\000.\0008\000.\0001\000\040\000M\000e\000m\000b\000e\000r\000\040\000F\000u\000n\000c\000t\000i\000o\000n\000\040\000D\000o\000c\000u\000m\000e\000n\000t\000a\000t\000i\000o\000n}{section.6.8}% 127
\BOOKMARK [3][-]{subsubsection.6.8.1.1}{\376\377\0006\000.\0008\000.\0001\000.\0001\000\040\000d\000e\000l\000e\000t\000e\000B\000o\000o\000k\000\050\000\051}{subsection.6.8.1}% 128
\BOOKMARK [3][-]{subsubsection.6.8.1.2}{\376\377\0006\000.\0008\000.\0001\000.\0002\000\040\000d\000e\000l\000e\000t\000e\000R\000e\000v\000i\000e\000w\000\050\000\051}{subsection.6.8.1}% 129
\BOOKMARK [3][-]{subsubsection.6.8.1.3}{\376\377\0006\000.\0008\000.\0001\000.\0003\000\040\000g\000e\000t\000A\000l\000l\000B\000o\000o\000k\000s\000\050\000\051}{subsection.6.8.1}% 130
\BOOKMARK [3][-]{subsubsection.6.8.1.4}{\376\377\0006\000.\0008\000.\0001\000.\0004\000\040\000g\000e\000t\000A\000l\000l\000R\000e\000v\000i\000e\000w\000s\000\050\000\051}{subsection.6.8.1}% 131
\BOOKMARK [3][-]{subsubsection.6.8.1.5}{\376\377\0006\000.\0008\000.\0001\000.\0005\000\040\000g\000e\000t\000A\000l\000l\000U\000s\000e\000r\000s\000\050\000\051}{subsection.6.8.1}% 132
\BOOKMARK [3][-]{subsubsection.6.8.1.6}{\376\377\0006\000.\0008\000.\0001\000.\0006\000\040\000r\000e\000t\000r\000i\000e\000v\000e\000B\000o\000o\000k\000\050\000\051}{subsection.6.8.1}% 133
\BOOKMARK [3][-]{subsubsection.6.8.1.7}{\376\377\0006\000.\0008\000.\0001\000.\0007\000\040\000r\000e\000t\000r\000i\000e\000v\000e\000B\000o\000o\000k\000B\000y\000P\000a\000r\000a\000m\000e\000t\000e\000r\000\050\000\051}{subsection.6.8.1}% 134
\BOOKMARK [3][-]{subsubsection.6.8.1.8}{\376\377\0006\000.\0008\000.\0001\000.\0008\000\040\000r\000e\000t\000r\000i\000e\000v\000e\000R\000e\000v\000i\000e\000w\000\050\000\051}{subsection.6.8.1}% 135
\BOOKMARK [3][-]{subsubsection.6.8.1.9}{\376\377\0006\000.\0008\000.\0001\000.\0009\000\040\000r\000e\000t\000r\000i\000e\000v\000e\000U\000s\000e\000r\000\050\000\051}{subsection.6.8.1}% 136
\BOOKMARK [3][-]{subsubsection.6.8.1.10}{\376\377\0006\000.\0008\000.\0001\000.\0001\0000\000\040\000s\000t\000o\000r\000e\000B\000o\000o\000k\000\050\000\051}{subsection.6.8.1}% 137
\BOOKMARK [3][-]{subsubsection.6.8.1.11}{\376\377\0006\000.\0008\000.\0001\000.\0001\0001\000\040\000s\000t\000o\000r\000e\000U\000s\000e\000r\000\050\000\051}{subsection.6.8.1}% 138
\BOOKMARK [3][-]{subsubsection.6.8.1.12}{\376\377\0006\000.\0008\000.\0001\000.\0001\0002\000\040\000u\000p\000d\000a\000t\000e\000B\000o\000o\000k\000\050\000\051}{subsection.6.8.1}% 139
\BOOKMARK [3][-]{subsubsection.6.8.1.13}{\376\377\0006\000.\0008\000.\0001\000.\0001\0003\000\040\000u\000p\000d\000a\000t\000e\000R\000e\000v\000i\000e\000w\000\050\000\051}{subsection.6.8.1}% 140
\BOOKMARK [3][-]{subsubsection.6.8.1.14}{\376\377\0006\000.\0008\000.\0001\000.\0001\0004\000\040\000u\000p\000d\000a\000t\000e\000U\000s\000e\000r\000\050\000\051}{subsection.6.8.1}% 141
\BOOKMARK [1][-]{section.6.9}{\376\377\0006\000.\0009\000\040\000d\000b\000.\000I\000D\000B\000\040\000I\000n\000t\000e\000r\000f\000a\000c\000e\000\040\000R\000e\000f\000e\000r\000e\000n\000c\000e}{chapter.6}% 142
\BOOKMARK [2][-]{subsection.6.9.1}{\376\377\0006\000.\0009\000.\0001\000\040\000M\000e\000m\000b\000e\000r\000\040\000F\000u\000n\000c\000t\000i\000o\000n\000\040\000D\000o\000c\000u\000m\000e\000n\000t\000a\000t\000i\000o\000n}{section.6.9}% 143
\BOOKMARK [3][-]{subsubsection.6.9.1.1}{\376\377\0006\000.\0009\000.\0001\000.\0001\000\040\000a\000d\000d\000B\000o\000o\000k\000T\000o\000D\000b\000\050\000\051}{subsection.6.9.1}% 144
\BOOKMARK [3][-]{subsubsection.6.9.1.2}{\376\377\0006\000.\0009\000.\0001\000.\0002\000\040\000a\000d\000d\000R\000e\000v\000i\000e\000w\000\050\000\051}{subsection.6.9.1}% 145
\BOOKMARK [3][-]{subsubsection.6.9.1.3}{\376\377\0006\000.\0009\000.\0001\000.\0003\000\040\000a\000v\000e\000r\000a\000g\000e\000R\000a\000t\000i\000n\000g\000B\000y\000B\000o\000o\000k\000\050\000\051}{subsection.6.9.1}% 146
\BOOKMARK [3][-]{subsubsection.6.9.1.4}{\376\377\0006\000.\0009\000.\0001\000.\0004\000\040\000a\000v\000e\000r\000a\000g\000e\000R\000a\000t\000i\000n\000g\000B\000y\000U\000s\000e\000r\000\050\000\051}{subsection.6.9.1}% 147
\BOOKMARK [3][-]{subsubsection.6.9.1.5}{\376\377\0006\000.\0009\000.\0001\000.\0005\000\040\000b\000u\000y\000B\000o\000o\000k\000\050\000\051}{subsection.6.9.1}% 148
\BOOKMARK [3][-]{subsubsection.6.9.1.6}{\376\377\0006\000.\0009\000.\0001\000.\0006\000\040\000d\000e\000l\000e\000t\000e\000B\000o\000o\000k\000\050\000\051}{subsection.6.9.1}% 149
\BOOKMARK [3][-]{subsubsection.6.9.1.7}{\376\377\0006\000.\0009\000.\0001\000.\0007\000\040\000d\000e\000l\000e\000t\000e\000R\000e\000v\000i\000e\000w\000\050\000\051}{subsection.6.9.1}% 150
\BOOKMARK [3][-]{subsubsection.6.9.1.8}{\376\377\0006\000.\0009\000.\0001\000.\0008\000\040\000g\000e\000t\000A\000l\000l\000B\000o\000o\000k\000s\000\050\000\051}{subsection.6.9.1}% 151
\BOOKMARK [3][-]{subsubsection.6.9.1.9}{\376\377\0006\000.\0009\000.\0001\000.\0009\000\040\000g\000e\000t\000A\000l\000l\000R\000e\000v\000i\000e\000w\000s\000\050\000\051}{subsection.6.9.1}% 152
\BOOKMARK [3][-]{subsubsection.6.9.1.10}{\376\377\0006\000.\0009\000.\0001\000.\0001\0000\000\040\000g\000e\000t\000A\000l\000l\000U\000s\000e\000r\000s\000\050\000\051}{subsection.6.9.1}% 153
\BOOKMARK [3][-]{subsubsection.6.9.1.11}{\376\377\0006\000.\0009\000.\0001\000.\0001\0001\000\040\000g\000e\000t\000B\000o\000o\000k\000R\000e\000v\000i\000e\000w\000s\000\050\000\051}{subsection.6.9.1}% 154
\BOOKMARK [3][-]{subsubsection.6.9.1.12}{\376\377\0006\000.\0009\000.\0001\000.\0001\0002\000\040\000g\000e\000t\000U\000s\000e\000r\000R\000e\000v\000i\000e\000w\000s\000\050\000\051}{subsection.6.9.1}% 155
\BOOKMARK [3][-]{subsubsection.6.9.1.13}{\376\377\0006\000.\0009\000.\0001\000.\0001\0003\000\040\000r\000e\000g\000i\000s\000t\000e\000r\000U\000s\000e\000r\000\050\000\051}{subsection.6.9.1}% 156
\BOOKMARK [3][-]{subsubsection.6.9.1.14}{\376\377\0006\000.\0009\000.\0001\000.\0001\0004\000\040\000s\000h\000o\000w\000B\000o\000o\000k\000B\000y\000I\000S\000B\000N\000\050\000\051}{subsection.6.9.1}% 157
\BOOKMARK [3][-]{subsubsection.6.9.1.15}{\376\377\0006\000.\0009\000.\0001\000.\0001\0005\000\040\000s\000h\000o\000w\000B\000o\000o\000k\000B\000y\000T\000i\000t\000l\000e\000\050\000\051}{subsection.6.9.1}% 158
\BOOKMARK [3][-]{subsubsection.6.9.1.16}{\376\377\0006\000.\0009\000.\0001\000.\0001\0006\000\040\000s\000h\000o\000w\000R\000e\000v\000i\000e\000w\000\050\000\051}{subsection.6.9.1}% 159
\BOOKMARK [3][-]{subsubsection.6.9.1.17}{\376\377\0006\000.\0009\000.\0001\000.\0001\0007\000\040\000s\000h\000o\000w\000U\000s\000e\000r\000\050\000\051}{subsection.6.9.1}% 160
\BOOKMARK [1][-]{section.6.10}{\376\377\0006\000.\0001\0000\000\040\000s\000e\000r\000v\000e\000r\000.\000r\000e\000m\000o\000t\000e\000.\000I\000R\000e\000m\000o\000t\000e\000\040\000I\000n\000t\000e\000r\000f\000a\000c\000e\000\040\000R\000e\000f\000e\000r\000e\000n\000c\000e}{chapter.6}% 161
\BOOKMARK [2][-]{subsection.6.10.1}{\376\377\0006\000.\0001\0000\000.\0001\000\040\000M\000e\000m\000b\000e\000r\000\040\000F\000u\000n\000c\000t\000i\000o\000n\000\040\000D\000o\000c\000u\000m\000e\000n\000t\000a\000t\000i\000o\000n}{section.6.10}% 162
\BOOKMARK [3][-]{subsubsection.6.10.1.1}{\376\377\0006\000.\0001\0000\000.\0001\000.\0001\000\040\000a\000d\000d\000B\000o\000o\000k\000\050\000\051\000\040\000[\0001\000/\0002\000]}{subsection.6.10.1}% 163
\BOOKMARK [3][-]{subsubsection.6.10.1.2}{\376\377\0006\000.\0001\0000\000.\0001\000.\0002\000\040\000a\000d\000d\000B\000o\000o\000k\000\050\000\051\000\040\000[\0002\000/\0002\000]}{subsection.6.10.1}% 164
\BOOKMARK [3][-]{subsubsection.6.10.1.3}{\376\377\0006\000.\0001\0000\000.\0001\000.\0003\000\040\000a\000d\000d\000R\000e\000v\000i\000e\000w\000\050\000\051}{subsection.6.10.1}% 165
\BOOKMARK [3][-]{subsubsection.6.10.1.4}{\376\377\0006\000.\0001\0000\000.\0001\000.\0004\000\040\000a\000v\000e\000r\000a\000g\000e\000R\000a\000t\000i\000n\000g\000B\000y\000B\000o\000o\000k\000\050\000\051}{subsection.6.10.1}% 166
\BOOKMARK [3][-]{subsubsection.6.10.1.5}{\376\377\0006\000.\0001\0000\000.\0001\000.\0005\000\040\000a\000v\000e\000r\000a\000g\000e\000R\000a\000t\000i\000n\000g\000B\000y\000U\000s\000e\000r\000\050\000\051}{subsection.6.10.1}% 167
\BOOKMARK [3][-]{subsubsection.6.10.1.6}{\376\377\0006\000.\0001\0000\000.\0001\000.\0006\000\040\000b\000o\000o\000k\000T\000e\000s\000t\000\050\000\051}{subsection.6.10.1}% 168
\BOOKMARK [3][-]{subsubsection.6.10.1.7}{\376\377\0006\000.\0001\0000\000.\0001\000.\0007\000\040\000b\000u\000y\000B\000o\000o\000k\000\050\000\051}{subsection.6.10.1}% 169
\BOOKMARK [3][-]{subsubsection.6.10.1.8}{\376\377\0006\000.\0001\0000\000.\0001\000.\0008\000\040\000d\000e\000l\000e\000t\000e\000B\000o\000o\000k\000\050\000\051}{subsection.6.10.1}% 170
\BOOKMARK [3][-]{subsubsection.6.10.1.9}{\376\377\0006\000.\0001\0000\000.\0001\000.\0009\000\040\000d\000e\000l\000e\000t\000e\000R\000e\000v\000i\000e\000w\000\050\000\051}{subsection.6.10.1}% 171
\BOOKMARK [3][-]{subsubsection.6.10.1.10}{\376\377\0006\000.\0001\0000\000.\0001\000.\0001\0000\000\040\000g\000e\000t\000A\000l\000l\000R\000e\000v\000i\000e\000w\000s\000\050\000\051}{subsection.6.10.1}% 172
\BOOKMARK [3][-]{subsubsection.6.10.1.11}{\376\377\0006\000.\0001\0000\000.\0001\000.\0001\0001\000\040\000g\000e\000t\000A\000l\000l\000U\000s\000e\000r\000s\000\050\000\051}{subsection.6.10.1}% 173
\BOOKMARK [3][-]{subsubsection.6.10.1.12}{\376\377\0006\000.\0001\0000\000.\0001\000.\0001\0002\000\040\000g\000e\000t\000B\000o\000o\000k\000B\000y\000I\000S\000B\000N\000\050\000\051}{subsection.6.10.1}% 174
\BOOKMARK [3][-]{subsubsection.6.10.1.13}{\376\377\0006\000.\0001\0000\000.\0001\000.\0001\0003\000\040\000g\000e\000t\000B\000o\000o\000k\000B\000y\000T\000i\000t\000l\000e\000\050\000\051}{subsection.6.10.1}% 175
\BOOKMARK [3][-]{subsubsection.6.10.1.14}{\376\377\0006\000.\0001\0000\000.\0001\000.\0001\0004\000\040\000g\000e\000t\000B\000o\000o\000k\000R\000e\000v\000i\000e\000w\000s\000\050\000\051}{subsection.6.10.1}% 176
\BOOKMARK [3][-]{subsubsection.6.10.1.15}{\376\377\0006\000.\0001\0000\000.\0001\000.\0001\0005\000\040\000g\000e\000t\000R\000e\000v\000i\000e\000w\000\050\000\051}{subsection.6.10.1}% 177
\BOOKMARK [3][-]{subsubsection.6.10.1.16}{\376\377\0006\000.\0001\0000\000.\0001\000.\0001\0006\000\040\000g\000e\000t\000U\000s\000e\000r\000\050\000\051}{subsection.6.10.1}% 178
\BOOKMARK [3][-]{subsubsection.6.10.1.17}{\376\377\0006\000.\0001\0000\000.\0001\000.\0001\0007\000\040\000g\000e\000t\000U\000s\000e\000r\000R\000e\000v\000i\000e\000w\000s\000\050\000\051}{subsection.6.10.1}% 179
\BOOKMARK [3][-]{subsubsection.6.10.1.18}{\376\377\0006\000.\0001\0000\000.\0001\000.\0001\0008\000\040\000r\000e\000g\000i\000s\000t\000e\000r\000U\000s\000e\000r\000\050\000\051}{subsection.6.10.1}% 180
\BOOKMARK [3][-]{subsubsection.6.10.1.19}{\376\377\0006\000.\0001\0000\000.\0001\000.\0001\0009\000\040\000s\000h\000o\000w\000B\000o\000o\000k\000s\000I\000n\000S\000t\000o\000r\000e\000\050\000\051}{subsection.6.10.1}% 181
\BOOKMARK [1][-]{section.6.11}{\376\377\0006\000.\0001\0001\000\040\000c\000l\000i\000e\000n\000t\000.\000g\000u\000i\000.\000L\000o\000g\000I\000n\000\040\000C\000l\000a\000s\000s\000\040\000R\000e\000f\000e\000r\000e\000n\000c\000e}{chapter.6}% 182
\BOOKMARK [2][-]{subsection.6.11.1}{\376\377\0006\000.\0001\0001\000.\0001\000\040\000C\000o\000n\000s\000t\000r\000u\000c\000t\000o\000r\000\040\000\046\000\040\000D\000e\000s\000t\000r\000u\000c\000t\000o\000r\000\040\000D\000o\000c\000u\000m\000e\000n\000t\000a\000t\000i\000o\000n}{section.6.11}% 183
\BOOKMARK [3][-]{subsubsection.6.11.1.1}{\376\377\0006\000.\0001\0001\000.\0001\000.\0001\000\040\000L\000o\000g\000I\000n\000\050\000\051}{subsection.6.11.1}% 184
\BOOKMARK [2][-]{subsection.6.11.2}{\376\377\0006\000.\0001\0001\000.\0002\000\040\000M\000e\000m\000b\000e\000r\000\040\000F\000u\000n\000c\000t\000i\000o\000n\000\040\000D\000o\000c\000u\000m\000e\000n\000t\000a\000t\000i\000o\000n}{section.6.11}% 185
\BOOKMARK [3][-]{subsubsection.6.11.2.1}{\376\377\0006\000.\0001\0001\000.\0002\000.\0001\000\040\000m\000a\000i\000n\000\050\000\051}{subsection.6.11.2}% 186
\BOOKMARK [1][-]{section.6.12}{\376\377\0006\000.\0001\0002\000\040\000s\000e\000r\000v\000e\000r\000.\000r\000e\000m\000o\000t\000e\000.\000R\000e\000m\000o\000t\000e\000\040\000C\000l\000a\000s\000s\000\040\000R\000e\000f\000e\000r\000e\000n\000c\000e}{chapter.6}% 187
\BOOKMARK [2][-]{subsection.6.12.1}{\376\377\0006\000.\0001\0002\000.\0001\000\040\000C\000o\000n\000s\000t\000r\000u\000c\000t\000o\000r\000\040\000\046\000\040\000D\000e\000s\000t\000r\000u\000c\000t\000o\000r\000\040\000D\000o\000c\000u\000m\000e\000n\000t\000a\000t\000i\000o\000n}{section.6.12}% 188
\BOOKMARK [3][-]{subsubsection.6.12.1.1}{\376\377\0006\000.\0001\0002\000.\0001\000.\0001\000\040\000R\000e\000m\000o\000t\000e\000\050\000\051}{subsection.6.12.1}% 189
\BOOKMARK [2][-]{subsection.6.12.2}{\376\377\0006\000.\0001\0002\000.\0002\000\040\000M\000e\000m\000b\000e\000r\000\040\000F\000u\000n\000c\000t\000i\000o\000n\000\040\000D\000o\000c\000u\000m\000e\000n\000t\000a\000t\000i\000o\000n}{section.6.12}% 190
\BOOKMARK [3][-]{subsubsection.6.12.2.1}{\376\377\0006\000.\0001\0002\000.\0002\000.\0001\000\040\000a\000d\000d\000B\000o\000o\000k\000\050\000\051\000\040\000[\0001\000/\0002\000]}{subsection.6.12.2}% 191
\BOOKMARK [3][-]{subsubsection.6.12.2.2}{\376\377\0006\000.\0001\0002\000.\0002\000.\0002\000\040\000a\000d\000d\000B\000o\000o\000k\000\050\000\051\000\040\000[\0002\000/\0002\000]}{subsection.6.12.2}% 192
\BOOKMARK [3][-]{subsubsection.6.12.2.3}{\376\377\0006\000.\0001\0002\000.\0002\000.\0003\000\040\000a\000d\000d\000R\000e\000v\000i\000e\000w\000\050\000\051}{subsection.6.12.2}% 193
\BOOKMARK [3][-]{subsubsection.6.12.2.4}{\376\377\0006\000.\0001\0002\000.\0002\000.\0004\000\040\000a\000v\000e\000r\000a\000g\000e\000R\000a\000t\000i\000n\000g\000B\000y\000B\000o\000o\000k\000\050\000\051}{subsection.6.12.2}% 194
\BOOKMARK [3][-]{subsubsection.6.12.2.5}{\376\377\0006\000.\0001\0002\000.\0002\000.\0005\000\040\000a\000v\000e\000r\000a\000g\000e\000R\000a\000t\000i\000n\000g\000B\000y\000U\000s\000e\000r\000\050\000\051}{subsection.6.12.2}% 195
\BOOKMARK [3][-]{subsubsection.6.12.2.6}{\376\377\0006\000.\0001\0002\000.\0002\000.\0006\000\040\000b\000o\000o\000k\000T\000e\000s\000t\000\050\000\051}{subsection.6.12.2}% 196
\BOOKMARK [3][-]{subsubsection.6.12.2.7}{\376\377\0006\000.\0001\0002\000.\0002\000.\0007\000\040\000b\000u\000y\000B\000o\000o\000k\000\050\000\051}{subsection.6.12.2}% 197
\BOOKMARK [3][-]{subsubsection.6.12.2.8}{\376\377\0006\000.\0001\0002\000.\0002\000.\0008\000\040\000d\000e\000l\000e\000t\000e\000B\000o\000o\000k\000\050\000\051}{subsection.6.12.2}% 198
\BOOKMARK [3][-]{subsubsection.6.12.2.9}{\376\377\0006\000.\0001\0002\000.\0002\000.\0009\000\040\000d\000e\000l\000e\000t\000e\000R\000e\000v\000i\000e\000w\000\050\000\051}{subsection.6.12.2}% 199
\BOOKMARK [3][-]{subsubsection.6.12.2.10}{\376\377\0006\000.\0001\0002\000.\0002\000.\0001\0000\000\040\000g\000e\000t\000A\000l\000l\000R\000e\000v\000i\000e\000w\000s\000\050\000\051}{subsection.6.12.2}% 200
\BOOKMARK [3][-]{subsubsection.6.12.2.11}{\376\377\0006\000.\0001\0002\000.\0002\000.\0001\0001\000\040\000g\000e\000t\000A\000l\000l\000U\000s\000e\000r\000s\000\050\000\051}{subsection.6.12.2}% 201
\BOOKMARK [3][-]{subsubsection.6.12.2.12}{\376\377\0006\000.\0001\0002\000.\0002\000.\0001\0002\000\040\000g\000e\000t\000B\000o\000o\000k\000B\000y\000I\000S\000B\000N\000\050\000\051}{subsection.6.12.2}% 202
\BOOKMARK [3][-]{subsubsection.6.12.2.13}{\376\377\0006\000.\0001\0002\000.\0002\000.\0001\0003\000\040\000g\000e\000t\000B\000o\000o\000k\000B\000y\000T\000i\000t\000l\000e\000\050\000\051}{subsection.6.12.2}% 203
\BOOKMARK [3][-]{subsubsection.6.12.2.14}{\376\377\0006\000.\0001\0002\000.\0002\000.\0001\0004\000\040\000g\000e\000t\000B\000o\000o\000k\000R\000e\000v\000i\000e\000w\000s\000\050\000\051}{subsection.6.12.2}% 204
\BOOKMARK [3][-]{subsubsection.6.12.2.15}{\376\377\0006\000.\0001\0002\000.\0002\000.\0001\0005\000\040\000g\000e\000t\000R\000e\000v\000i\000e\000w\000\050\000\051}{subsection.6.12.2}% 205
\BOOKMARK [3][-]{subsubsection.6.12.2.16}{\376\377\0006\000.\0001\0002\000.\0002\000.\0001\0006\000\040\000g\000e\000t\000U\000s\000e\000r\000\050\000\051}{subsection.6.12.2}% 206
\BOOKMARK [3][-]{subsubsection.6.12.2.17}{\376\377\0006\000.\0001\0002\000.\0002\000.\0001\0007\000\040\000g\000e\000t\000U\000s\000e\000r\000R\000e\000v\000i\000e\000w\000s\000\050\000\051}{subsection.6.12.2}% 207
\BOOKMARK [3][-]{subsubsection.6.12.2.18}{\376\377\0006\000.\0001\0002\000.\0002\000.\0001\0008\000\040\000r\000e\000g\000i\000s\000t\000e\000r\000U\000s\000e\000r\000\050\000\051}{subsection.6.12.2}% 208
\BOOKMARK [3][-]{subsubsection.6.12.2.19}{\376\377\0006\000.\0001\0002\000.\0002\000.\0001\0009\000\040\000s\000h\000o\000w\000B\000o\000o\000k\000s\000I\000n\000S\000t\000o\000r\000e\000\050\000\051}{subsection.6.12.2}% 209
\BOOKMARK [1][-]{section.6.13}{\376\377\0006\000.\0001\0003\000\040\000s\000e\000r\000v\000e\000r\000.\000d\000a\000t\000a\000.\000R\000e\000v\000i\000e\000w\000\040\000C\000l\000a\000s\000s\000\040\000R\000e\000f\000e\000r\000e\000n\000c\000e}{chapter.6}% 210
\BOOKMARK [2][-]{subsection.6.13.1}{\376\377\0006\000.\0001\0003\000.\0001\000\040\000C\000o\000n\000s\000t\000r\000u\000c\000t\000o\000r\000\040\000\046\000\040\000D\000e\000s\000t\000r\000u\000c\000t\000o\000r\000\040\000D\000o\000c\000u\000m\000e\000n\000t\000a\000t\000i\000o\000n}{section.6.13}% 211
\BOOKMARK [3][-]{subsubsection.6.13.1.1}{\376\377\0006\000.\0001\0003\000.\0001\000.\0001\000\040\000R\000e\000v\000i\000e\000w\000\050\000\051\000\040\000[\0001\000/\0003\000]}{subsection.6.13.1}% 212
\BOOKMARK [3][-]{subsubsection.6.13.1.2}{\376\377\0006\000.\0001\0003\000.\0001\000.\0002\000\040\000R\000e\000v\000i\000e\000w\000\050\000\051\000\040\000[\0002\000/\0003\000]}{subsection.6.13.1}% 213
\BOOKMARK [3][-]{subsubsection.6.13.1.3}{\376\377\0006\000.\0001\0003\000.\0001\000.\0003\000\040\000R\000e\000v\000i\000e\000w\000\050\000\051\000\040\000[\0003\000/\0003\000]}{subsection.6.13.1}% 214
\BOOKMARK [2][-]{subsection.6.13.2}{\376\377\0006\000.\0001\0003\000.\0002\000\040\000M\000e\000m\000b\000e\000r\000\040\000F\000u\000n\000c\000t\000i\000o\000n\000\040\000D\000o\000c\000u\000m\000e\000n\000t\000a\000t\000i\000o\000n}{section.6.13}% 215
\BOOKMARK [3][-]{subsubsection.6.13.2.1}{\376\377\0006\000.\0001\0003\000.\0002\000.\0001\000\040\000g\000e\000t\000B\000o\000o\000k\000\050\000\051}{subsection.6.13.2}% 216
\BOOKMARK [3][-]{subsubsection.6.13.2.2}{\376\377\0006\000.\0001\0003\000.\0002\000.\0002\000\040\000g\000e\000t\000C\000o\000m\000m\000e\000n\000t\000\050\000\051}{subsection.6.13.2}% 217
\BOOKMARK [3][-]{subsubsection.6.13.2.3}{\376\377\0006\000.\0001\0003\000.\0002\000.\0003\000\040\000g\000e\000t\000I\000d\000\137\000r\000e\000v\000i\000e\000w\000\050\000\051}{subsection.6.13.2}% 218
\BOOKMARK [3][-]{subsubsection.6.13.2.4}{\376\377\0006\000.\0001\0003\000.\0002\000.\0004\000\040\000g\000e\000t\000R\000a\000t\000i\000n\000g\000\050\000\051}{subsection.6.13.2}% 219
\BOOKMARK [3][-]{subsubsection.6.13.2.5}{\376\377\0006\000.\0001\0003\000.\0002\000.\0005\000\040\000g\000e\000t\000U\000s\000e\000r\000\050\000\051}{subsection.6.13.2}% 220
\BOOKMARK [3][-]{subsubsection.6.13.2.6}{\376\377\0006\000.\0001\0003\000.\0002\000.\0006\000\040\000s\000e\000t\000B\000o\000o\000k\000\050\000\051}{subsection.6.13.2}% 221
\BOOKMARK [3][-]{subsubsection.6.13.2.7}{\376\377\0006\000.\0001\0003\000.\0002\000.\0007\000\040\000s\000e\000t\000C\000o\000m\000m\000e\000n\000t\000\050\000\051}{subsection.6.13.2}% 222
\BOOKMARK [3][-]{subsubsection.6.13.2.8}{\376\377\0006\000.\0001\0003\000.\0002\000.\0008\000\040\000s\000e\000t\000I\000d\000\137\000r\000e\000v\000i\000e\000w\000\050\000\051}{subsection.6.13.2}% 223
\BOOKMARK [3][-]{subsubsection.6.13.2.9}{\376\377\0006\000.\0001\0003\000.\0002\000.\0009\000\040\000s\000e\000t\000R\000a\000t\000i\000n\000g\000\050\000\051}{subsection.6.13.2}% 224
\BOOKMARK [3][-]{subsubsection.6.13.2.10}{\376\377\0006\000.\0001\0003\000.\0002\000.\0001\0000\000\040\000s\000e\000t\000U\000s\000e\000r\000\050\000\051}{subsection.6.13.2}% 225
\BOOKMARK [3][-]{subsubsection.6.13.2.11}{\376\377\0006\000.\0001\0003\000.\0002\000.\0001\0001\000\040\000t\000o\000S\000t\000r\000i\000n\000g\000\050\000\051}{subsection.6.13.2}% 226
\BOOKMARK [1][-]{section.6.14}{\376\377\0006\000.\0001\0004\000\040\000s\000e\000r\000v\000e\000r\000.\000R\000M\000I\000T\000e\000s\000t\000\040\000C\000l\000a\000s\000s\000\040\000R\000e\000f\000e\000r\000e\000n\000c\000e}{chapter.6}% 227
\BOOKMARK [2][-]{subsection.6.14.1}{\376\377\0006\000.\0001\0004\000.\0001\000\040\000D\000e\000t\000a\000i\000l\000e\000d\000\040\000D\000e\000s\000c\000r\000i\000p\000t\000i\000o\000n}{section.6.14}% 228
\BOOKMARK [2][-]{subsection.6.14.2}{\376\377\0006\000.\0001\0004\000.\0002\000\040\000M\000e\000m\000b\000e\000r\000\040\000F\000u\000n\000c\000t\000i\000o\000n\000\040\000D\000o\000c\000u\000m\000e\000n\000t\000a\000t\000i\000o\000n}{section.6.14}% 229
\BOOKMARK [3][-]{subsubsection.6.14.2.1}{\376\377\0006\000.\0001\0004\000.\0002\000.\0001\000\040\000b\000o\000o\000k\000T\000e\000s\000t\000V\000a\000l\000i\000d\000a\000t\000i\000o\000n\000\050\000\051}{subsection.6.14.2}% 230
\BOOKMARK [3][-]{subsubsection.6.14.2.2}{\376\377\0006\000.\0001\0004\000.\0002\000.\0002\000\040\000g\000e\000t\000T\000h\000i\000n\000g\000s\000\050\000\051}{subsection.6.14.2}% 231
\BOOKMARK [3][-]{subsubsection.6.14.2.3}{\376\377\0006\000.\0001\0004\000.\0002\000.\0003\000\040\000r\000e\000g\000i\000s\000t\000e\000r\000E\000x\000i\000s\000t\000i\000n\000g\000U\000s\000e\000r\000T\000e\000s\000t\000\050\000\051}{subsection.6.14.2}% 232
\BOOKMARK [3][-]{subsubsection.6.14.2.4}{\376\377\0006\000.\0001\0004\000.\0002\000.\0004\000\040\000r\000e\000g\000i\000s\000t\000e\000r\000N\000e\000w\000U\000s\000e\000r\000T\000e\000s\000t\000\050\000\051}{subsection.6.14.2}% 233
\BOOKMARK [3][-]{subsubsection.6.14.2.5}{\376\377\0006\000.\0001\0004\000.\0002\000.\0005\000\040\000s\000e\000t\000U\000p\000\050\000\051}{subsection.6.14.2}% 234
\BOOKMARK [3][-]{subsubsection.6.14.2.6}{\376\377\0006\000.\0001\0004\000.\0002\000.\0006\000\040\000s\000e\000t\000U\000p\000C\000l\000i\000e\000n\000t\000\050\000\051}{subsection.6.14.2}% 235
\BOOKMARK [3][-]{subsubsection.6.14.2.7}{\376\377\0006\000.\0001\0004\000.\0002\000.\0007\000\040\000s\000h\000o\000w\000B\000o\000o\000k\000s\000I\000n\000S\000t\000o\000r\000e\000T\000e\000s\000t\000\050\000\051}{subsection.6.14.2}% 236
\BOOKMARK [3][-]{subsubsection.6.14.2.8}{\376\377\0006\000.\0001\0004\000.\0002\000.\0008\000\040\000s\000h\000o\000w\000U\000s\000e\000r\000F\000a\000i\000l\000T\000e\000s\000t\000\050\000\051}{subsection.6.14.2}% 237
\BOOKMARK [3][-]{subsubsection.6.14.2.9}{\376\377\0006\000.\0001\0004\000.\0002\000.\0009\000\040\000s\000h\000o\000w\000U\000s\000e\000r\000s\000T\000e\000s\000t\000\050\000\051}{subsection.6.14.2}% 238
\BOOKMARK [3][-]{subsubsection.6.14.2.10}{\376\377\0006\000.\0001\0004\000.\0002\000.\0001\0000\000\040\000s\000u\000i\000t\000e\000\050\000\051}{subsection.6.14.2}% 239
\BOOKMARK [3][-]{subsubsection.6.14.2.11}{\376\377\0006\000.\0001\0004\000.\0002\000.\0001\0001\000\040\000t\000e\000a\000r\000D\000o\000w\000n\000\050\000\051}{subsection.6.14.2}% 240
\BOOKMARK [1][-]{section.6.15}{\376\377\0006\000.\0001\0005\000\040\000s\000e\000r\000v\000e\000r\000.\000S\000e\000r\000v\000e\000r\000\040\000C\000l\000a\000s\000s\000\040\000R\000e\000f\000e\000r\000e\000n\000c\000e}{chapter.6}% 241
\BOOKMARK [2][-]{subsection.6.15.1}{\376\377\0006\000.\0001\0005\000.\0001\000\040\000M\000e\000m\000b\000e\000r\000\040\000F\000u\000n\000c\000t\000i\000o\000n\000\040\000D\000o\000c\000u\000m\000e\000n\000t\000a\000t\000i\000o\000n}{section.6.15}% 242
\BOOKMARK [3][-]{subsubsection.6.15.1.1}{\376\377\0006\000.\0001\0005\000.\0001\000.\0001\000\040\000m\000a\000i\000n\000\050\000\051}{subsection.6.15.1}% 243
\BOOKMARK [1][-]{section.6.16}{\376\377\0006\000.\0001\0006\000\040\000c\000l\000i\000e\000n\000t\000.\000g\000u\000i\000.\000S\000h\000o\000w\000B\000o\000o\000k\000s\000\040\000C\000l\000a\000s\000s\000\040\000R\000e\000f\000e\000r\000e\000n\000c\000e}{chapter.6}% 244
\BOOKMARK [2][-]{subsection.6.16.1}{\376\377\0006\000.\0001\0006\000.\0001\000\040\000C\000o\000n\000s\000t\000r\000u\000c\000t\000o\000r\000\040\000\046\000\040\000D\000e\000s\000t\000r\000u\000c\000t\000o\000r\000\040\000D\000o\000c\000u\000m\000e\000n\000t\000a\000t\000i\000o\000n}{section.6.16}% 245
\BOOKMARK [3][-]{subsubsection.6.16.1.1}{\376\377\0006\000.\0001\0006\000.\0001\000.\0001\000\040\000S\000h\000o\000w\000B\000o\000o\000k\000s\000\050\000\051}{subsection.6.16.1}% 246
\BOOKMARK [2][-]{subsection.6.16.2}{\376\377\0006\000.\0001\0006\000.\0002\000\040\000M\000e\000m\000b\000e\000r\000\040\000F\000u\000n\000c\000t\000i\000o\000n\000\040\000D\000o\000c\000u\000m\000e\000n\000t\000a\000t\000i\000o\000n}{section.6.16}% 247
\BOOKMARK [3][-]{subsubsection.6.16.2.1}{\376\377\0006\000.\0001\0006\000.\0002\000.\0001\000\040\000m\000a\000i\000n\000\050\000\051}{subsection.6.16.2}% 248
\BOOKMARK [1][-]{section.6.17}{\376\377\0006\000.\0001\0007\000\040\000c\000l\000i\000e\000n\000t\000.\000g\000u\000i\000.\000S\000h\000o\000w\000B\000o\000o\000k\000s\000A\000d\000m\000i\000n\000\040\000C\000l\000a\000s\000s\000\040\000R\000e\000f\000e\000r\000e\000n\000c\000e}{chapter.6}% 249
\BOOKMARK [2][-]{subsection.6.17.1}{\376\377\0006\000.\0001\0007\000.\0001\000\040\000C\000o\000n\000s\000t\000r\000u\000c\000t\000o\000r\000\040\000\046\000\040\000D\000e\000s\000t\000r\000u\000c\000t\000o\000r\000\040\000D\000o\000c\000u\000m\000e\000n\000t\000a\000t\000i\000o\000n}{section.6.17}% 250
\BOOKMARK [3][-]{subsubsection.6.17.1.1}{\376\377\0006\000.\0001\0007\000.\0001\000.\0001\000\040\000S\000h\000o\000w\000B\000o\000o\000k\000s\000A\000d\000m\000i\000n\000\050\000\051\000\040\000[\0001\000/\0002\000]}{subsection.6.17.1}% 251
\BOOKMARK [3][-]{subsubsection.6.17.1.2}{\376\377\0006\000.\0001\0007\000.\0001\000.\0002\000\040\000S\000h\000o\000w\000B\000o\000o\000k\000s\000A\000d\000m\000i\000n\000\050\000\051\000\040\000[\0002\000/\0002\000]}{subsection.6.17.1}% 252
\BOOKMARK [2][-]{subsection.6.17.2}{\376\377\0006\000.\0001\0007\000.\0002\000\040\000M\000e\000m\000b\000e\000r\000\040\000F\000u\000n\000c\000t\000i\000o\000n\000\040\000D\000o\000c\000u\000m\000e\000n\000t\000a\000t\000i\000o\000n}{section.6.17}% 253
\BOOKMARK [3][-]{subsubsection.6.17.2.1}{\376\377\0006\000.\0001\0007\000.\0002\000.\0001\000\040\000m\000a\000i\000n\000\050\000\051}{subsection.6.17.2}% 254
\BOOKMARK [1][-]{section.6.18}{\376\377\0006\000.\0001\0008\000\040\000c\000l\000i\000e\000n\000t\000.\000g\000u\000i\000.\000S\000h\000o\000w\000D\000e\000s\000c\000r\000i\000p\000t\000i\000o\000n\000\040\000C\000l\000a\000s\000s\000\040\000R\000e\000f\000e\000r\000e\000n\000c\000e}{chapter.6}% 255
\BOOKMARK [2][-]{subsection.6.18.1}{\376\377\0006\000.\0001\0008\000.\0001\000\040\000C\000o\000n\000s\000t\000r\000u\000c\000t\000o\000r\000\040\000\046\000\040\000D\000e\000s\000t\000r\000u\000c\000t\000o\000r\000\040\000D\000o\000c\000u\000m\000e\000n\000t\000a\000t\000i\000o\000n}{section.6.18}% 256
\BOOKMARK [3][-]{subsubsection.6.18.1.1}{\376\377\0006\000.\0001\0008\000.\0001\000.\0001\000\040\000S\000h\000o\000w\000D\000e\000s\000c\000r\000i\000p\000t\000i\000o\000n\000\050\000\051}{subsection.6.18.1}% 257
\BOOKMARK [1][-]{section.6.19}{\376\377\0006\000.\0001\0009\000\040\000c\000l\000i\000e\000n\000t\000.\000g\000u\000i\000.\000S\000h\000o\000w\000D\000e\000s\000c\000r\000i\000p\000t\000i\000o\000n\000A\000d\000m\000i\000n\000\040\000C\000l\000a\000s\000s\000\040\000R\000e\000f\000e\000r\000e\000n\000c\000e}{chapter.6}% 258
\BOOKMARK [2][-]{subsection.6.19.1}{\376\377\0006\000.\0001\0009\000.\0001\000\040\000C\000o\000n\000s\000t\000r\000u\000c\000t\000o\000r\000\040\000\046\000\040\000D\000e\000s\000t\000r\000u\000c\000t\000o\000r\000\040\000D\000o\000c\000u\000m\000e\000n\000t\000a\000t\000i\000o\000n}{section.6.19}% 259
\BOOKMARK [3][-]{subsubsection.6.19.1.1}{\376\377\0006\000.\0001\0009\000.\0001\000.\0001\000\040\000S\000h\000o\000w\000D\000e\000s\000c\000r\000i\000p\000t\000i\000o\000n\000A\000d\000m\000i\000n\000\050\000\051}{subsection.6.19.1}% 260
\BOOKMARK [2][-]{subsection.6.19.2}{\376\377\0006\000.\0001\0009\000.\0002\000\040\000M\000e\000m\000b\000e\000r\000\040\000F\000u\000n\000c\000t\000i\000o\000n\000\040\000D\000o\000c\000u\000m\000e\000n\000t\000a\000t\000i\000o\000n}{section.6.19}% 261
\BOOKMARK [3][-]{subsubsection.6.19.2.1}{\376\377\0006\000.\0001\0009\000.\0002\000.\0001\000\040\000a\000c\000t\000i\000o\000n\000P\000e\000r\000f\000o\000r\000m\000e\000d\000\050\000\051}{subsection.6.19.2}% 262
\BOOKMARK [3][-]{subsubsection.6.19.2.2}{\376\377\0006\000.\0001\0009\000.\0002\000.\0002\000\040\000m\000a\000i\000n\000\050\000\051}{subsection.6.19.2}% 263
\BOOKMARK [1][-]{section.6.20}{\376\377\0006\000.\0002\0000\000\040\000s\000e\000r\000v\000e\000r\000.\000d\000a\000t\000a\000.\000U\000s\000e\000r\000\040\000C\000l\000a\000s\000s\000\040\000R\000e\000f\000e\000r\000e\000n\000c\000e}{chapter.6}% 264
\BOOKMARK [2][-]{subsection.6.20.1}{\376\377\0006\000.\0002\0000\000.\0001\000\040\000C\000o\000n\000s\000t\000r\000u\000c\000t\000o\000r\000\040\000\046\000\040\000D\000e\000s\000t\000r\000u\000c\000t\000o\000r\000\040\000D\000o\000c\000u\000m\000e\000n\000t\000a\000t\000i\000o\000n}{section.6.20}% 265
\BOOKMARK [3][-]{subsubsection.6.20.1.1}{\376\377\0006\000.\0002\0000\000.\0001\000.\0001\000\040\000U\000s\000e\000r\000\050\000\051\000\040\000[\0001\000/\0002\000]}{subsection.6.20.1}% 266
\BOOKMARK [3][-]{subsubsection.6.20.1.2}{\376\377\0006\000.\0002\0000\000.\0001\000.\0002\000\040\000U\000s\000e\000r\000\050\000\051\000\040\000[\0002\000/\0002\000]}{subsection.6.20.1}% 267
\BOOKMARK [2][-]{subsection.6.20.2}{\376\377\0006\000.\0002\0000\000.\0002\000\040\000M\000e\000m\000b\000e\000r\000\040\000F\000u\000n\000c\000t\000i\000o\000n\000\040\000D\000o\000c\000u\000m\000e\000n\000t\000a\000t\000i\000o\000n}{section.6.20}% 268
\BOOKMARK [3][-]{subsubsection.6.20.2.1}{\376\377\0006\000.\0002\0000\000.\0002\000.\0001\000\040\000a\000d\000d\000B\000o\000o\000k\000\050\000\051}{subsection.6.20.2}% 269
\BOOKMARK [3][-]{subsubsection.6.20.2.2}{\376\377\0006\000.\0002\0000\000.\0002\000.\0002\000\040\000a\000d\000d\000R\000e\000v\000i\000e\000w\000\050\000\051}{subsection.6.20.2}% 270
\BOOKMARK [3][-]{subsubsection.6.20.2.3}{\376\377\0006\000.\0002\0000\000.\0002\000.\0003\000\040\000g\000e\000t\000A\000d\000d\000r\000e\000s\000s\000\050\000\051}{subsection.6.20.2}% 271
\BOOKMARK [3][-]{subsubsection.6.20.2.4}{\376\377\0006\000.\0002\0000\000.\0002\000.\0004\000\040\000g\000e\000t\000B\000o\000o\000k\000s\000\050\000\051}{subsection.6.20.2}% 272
\BOOKMARK [3][-]{subsubsection.6.20.2.5}{\376\377\0006\000.\0002\0000\000.\0002\000.\0005\000\040\000g\000e\000t\000E\000m\000a\000i\000l\000\050\000\051}{subsection.6.20.2}% 273
\BOOKMARK [3][-]{subsubsection.6.20.2.6}{\376\377\0006\000.\0002\0000\000.\0002\000.\0006\000\040\000g\000e\000t\000M\000o\000n\000e\000y\000\050\000\051}{subsection.6.20.2}% 274
\BOOKMARK [3][-]{subsubsection.6.20.2.7}{\376\377\0006\000.\0002\0000\000.\0002\000.\0007\000\040\000g\000e\000t\000N\000a\000m\000e\000\050\000\051}{subsection.6.20.2}% 275
\BOOKMARK [3][-]{subsubsection.6.20.2.8}{\376\377\0006\000.\0002\0000\000.\0002\000.\0008\000\040\000g\000e\000t\000P\000a\000s\000s\000w\000o\000r\000d\000\050\000\051}{subsection.6.20.2}% 276
\BOOKMARK [3][-]{subsubsection.6.20.2.9}{\376\377\0006\000.\0002\0000\000.\0002\000.\0009\000\040\000g\000e\000t\000R\000e\000v\000i\000e\000w\000s\000\050\000\051}{subsection.6.20.2}% 277
\BOOKMARK [3][-]{subsubsection.6.20.2.10}{\376\377\0006\000.\0002\0000\000.\0002\000.\0001\0000\000\040\000g\000e\000t\000R\000o\000l\000e\000\050\000\051}{subsection.6.20.2}% 278
\BOOKMARK [3][-]{subsubsection.6.20.2.11}{\376\377\0006\000.\0002\0000\000.\0002\000.\0001\0001\000\040\000r\000e\000m\000o\000v\000e\000B\000o\000o\000k\000\050\000\051}{subsection.6.20.2}% 279
\BOOKMARK [3][-]{subsubsection.6.20.2.12}{\376\377\0006\000.\0002\0000\000.\0002\000.\0001\0002\000\040\000r\000e\000m\000o\000v\000e\000R\000e\000v\000i\000e\000w\000\050\000\051}{subsection.6.20.2}% 280
\BOOKMARK [3][-]{subsubsection.6.20.2.13}{\376\377\0006\000.\0002\0000\000.\0002\000.\0001\0003\000\040\000s\000e\000t\000A\000d\000d\000r\000e\000s\000s\000\050\000\051}{subsection.6.20.2}% 281
\BOOKMARK [3][-]{subsubsection.6.20.2.14}{\376\377\0006\000.\0002\0000\000.\0002\000.\0001\0004\000\040\000s\000e\000t\000E\000m\000a\000i\000l\000\050\000\051}{subsection.6.20.2}% 282
\BOOKMARK [3][-]{subsubsection.6.20.2.15}{\376\377\0006\000.\0002\0000\000.\0002\000.\0001\0005\000\040\000s\000e\000t\000M\000o\000n\000e\000y\000\050\000\051}{subsection.6.20.2}% 283
\BOOKMARK [3][-]{subsubsection.6.20.2.16}{\376\377\0006\000.\0002\0000\000.\0002\000.\0001\0006\000\040\000s\000e\000t\000N\000a\000m\000e\000\050\000\051}{subsection.6.20.2}% 284
\BOOKMARK [3][-]{subsubsection.6.20.2.17}{\376\377\0006\000.\0002\0000\000.\0002\000.\0001\0007\000\040\000s\000e\000t\000P\000a\000s\000s\000w\000o\000r\000d\000\050\000\051}{subsection.6.20.2}% 285
\BOOKMARK [3][-]{subsubsection.6.20.2.18}{\376\377\0006\000.\0002\0000\000.\0002\000.\0001\0008\000\040\000s\000e\000t\000R\000o\000l\000e\000\050\000\051}{subsection.6.20.2}% 286
\BOOKMARK [3][-]{subsubsection.6.20.2.19}{\376\377\0006\000.\0002\0000\000.\0002\000.\0001\0009\000\040\000t\000o\000S\000t\000r\000i\000n\000g\000\050\000\051}{subsection.6.20.2}% 287
\BOOKMARK [0][-]{chapter.7}{\376\377\0007\000\040\000F\000i\000l\000e\000\040\000D\000o\000c\000u\000m\000e\000n\000t\000a\000t\000i\000o\000n}{}% 288
\BOOKMARK [1][-]{section.7.1}{\376\377\0007\000.\0001\000\040\000s\000r\000c\000/\000m\000a\000i\000n\000/\000j\000a\000v\000a\000/\000c\000l\000i\000e\000n\000t\000/\000C\000l\000i\000e\000n\000t\000.\000j\000a\000v\000a\000\040\000F\000i\000l\000e\000\040\000R\000e\000f\000e\000r\000e\000n\000c\000e}{chapter.7}% 289
\BOOKMARK [1][-]{section.7.2}{\376\377\0007\000.\0002\000\040\000s\000r\000c\000/\000m\000a\000i\000n\000/\000j\000a\000v\000a\000/\000c\000l\000i\000e\000n\000t\000/\000g\000u\000i\000/\000A\000d\000d\000B\000o\000o\000k\000s\000.\000j\000a\000v\000a\000\040\000F\000i\000l\000e\000\040\000R\000e\000f\000e\000r\000e\000n\000c\000e}{chapter.7}% 290
\BOOKMARK [1][-]{section.7.3}{\376\377\0007\000.\0003\000\040\000s\000r\000c\000/\000m\000a\000i\000n\000/\000j\000a\000v\000a\000/\000c\000l\000i\000e\000n\000t\000/\000g\000u\000i\000/\000L\000o\000g\000I\000n\000.\000j\000a\000v\000a\000\040\000F\000i\000l\000e\000\040\000R\000e\000f\000e\000r\000e\000n\000c\000e}{chapter.7}% 291
\BOOKMARK [1][-]{section.7.4}{\376\377\0007\000.\0004\000\040\000s\000r\000c\000/\000m\000a\000i\000n\000/\000j\000a\000v\000a\000/\000c\000l\000i\000e\000n\000t\000/\000g\000u\000i\000/\000S\000h\000o\000w\000B\000o\000o\000k\000s\000.\000j\000a\000v\000a\000\040\000F\000i\000l\000e\000\040\000R\000e\000f\000e\000r\000e\000n\000c\000e}{chapter.7}% 292
\BOOKMARK [1][-]{section.7.5}{\376\377\0007\000.\0005\000\040\000s\000r\000c\000/\000m\000a\000i\000n\000/\000j\000a\000v\000a\000/\000c\000l\000i\000e\000n\000t\000/\000g\000u\000i\000/\000S\000h\000o\000w\000B\000o\000o\000k\000s\000A\000d\000m\000i\000n\000.\000j\000a\000v\000a\000\040\000F\000i\000l\000e\000\040\000R\000e\000f\000e\000r\000e\000n\000c\000e}{chapter.7}% 293
\BOOKMARK [1][-]{section.7.6}{\376\377\0007\000.\0006\000\040\000s\000r\000c\000/\000m\000a\000i\000n\000/\000j\000a\000v\000a\000/\000c\000l\000i\000e\000n\000t\000/\000g\000u\000i\000/\000S\000h\000o\000w\000D\000e\000s\000c\000r\000i\000p\000t\000i\000o\000n\000.\000j\000a\000v\000a\000\040\000F\000i\000l\000e\000\040\000R\000e\000f\000e\000r\000e\000n\000c\000e}{chapter.7}% 294
\BOOKMARK [1][-]{section.7.7}{\376\377\0007\000.\0007\000\040\000s\000r\000c\000/\000m\000a\000i\000n\000/\000j\000a\000v\000a\000/\000c\000l\000i\000e\000n\000t\000/\000g\000u\000i\000/\000S\000h\000o\000w\000D\000e\000s\000c\000r\000i\000p\000t\000i\000o\000n\000A\000d\000m\000i\000n\000.\000j\000a\000v\000a\000\040\000F\000i\000l\000e\000\040\000R\000e\000f\000e\000r\000e\000n\000c\000e}{chapter.7}% 295
\BOOKMARK [1][-]{section.7.8}{\376\377\0007\000.\0008\000\040\000s\000r\000c\000/\000m\000a\000i\000n\000/\000j\000a\000v\000a\000/\000d\000b\000/\000D\000A\000O\000.\000j\000a\000v\000a\000\040\000F\000i\000l\000e\000\040\000R\000e\000f\000e\000r\000e\000n\000c\000e}{chapter.7}% 296
\BOOKMARK [1][-]{section.7.9}{\376\377\0007\000.\0009\000\040\000s\000r\000c\000/\000m\000a\000i\000n\000/\000j\000a\000v\000a\000/\000d\000b\000/\000D\000B\000.\000j\000a\000v\000a\000\040\000F\000i\000l\000e\000\040\000R\000e\000f\000e\000r\000e\000n\000c\000e}{chapter.7}% 297
\BOOKMARK [1][-]{section.7.10}{\376\377\0007\000.\0001\0000\000\040\000s\000r\000c\000/\000m\000a\000i\000n\000/\000j\000a\000v\000a\000/\000d\000b\000/\000I\000D\000A\000O\000.\000j\000a\000v\000a\000\040\000F\000i\000l\000e\000\040\000R\000e\000f\000e\000r\000e\000n\000c\000e}{chapter.7}% 298
\BOOKMARK [1][-]{section.7.11}{\376\377\0007\000.\0001\0001\000\040\000s\000r\000c\000/\000m\000a\000i\000n\000/\000j\000a\000v\000a\000/\000d\000b\000/\000I\000D\000B\000.\000j\000a\000v\000a\000\040\000F\000i\000l\000e\000\040\000R\000e\000f\000e\000r\000e\000n\000c\000e}{chapter.7}% 299
\BOOKMARK [1][-]{section.7.12}{\376\377\0007\000.\0001\0002\000\040\000s\000r\000c\000/\000m\000a\000i\000n\000/\000j\000a\000v\000a\000/\000s\000e\000r\000v\000e\000r\000/\000d\000a\000t\000a\000/\000B\000o\000o\000k\000.\000j\000a\000v\000a\000\040\000F\000i\000l\000e\000\040\000R\000e\000f\000e\000r\000e\000n\000c\000e}{chapter.7}% 300
\BOOKMARK [1][-]{section.7.13}{\376\377\0007\000.\0001\0003\000\040\000s\000r\000c\000/\000m\000a\000i\000n\000/\000j\000a\000v\000a\000/\000s\000e\000r\000v\000e\000r\000/\000d\000a\000t\000a\000/\000R\000e\000v\000i\000e\000w\000.\000j\000a\000v\000a\000\040\000F\000i\000l\000e\000\040\000R\000e\000f\000e\000r\000e\000n\000c\000e}{chapter.7}% 301
\BOOKMARK [1][-]{section.7.14}{\376\377\0007\000.\0001\0004\000\040\000s\000r\000c\000/\000m\000a\000i\000n\000/\000j\000a\000v\000a\000/\000s\000e\000r\000v\000e\000r\000/\000d\000a\000t\000a\000/\000U\000s\000e\000r\000.\000j\000a\000v\000a\000\040\000F\000i\000l\000e\000\040\000R\000e\000f\000e\000r\000e\000n\000c\000e}{chapter.7}% 302
\BOOKMARK [1][-]{section.7.15}{\376\377\0007\000.\0001\0005\000\040\000s\000r\000c\000/\000m\000a\000i\000n\000/\000j\000a\000v\000a\000/\000s\000e\000r\000v\000e\000r\000/\000r\000e\000m\000o\000t\000e\000/\000I\000R\000e\000m\000o\000t\000e\000.\000j\000a\000v\000a\000\040\000F\000i\000l\000e\000\040\000R\000e\000f\000e\000r\000e\000n\000c\000e}{chapter.7}% 303
\BOOKMARK [1][-]{section.7.16}{\376\377\0007\000.\0001\0006\000\040\000s\000r\000c\000/\000m\000a\000i\000n\000/\000j\000a\000v\000a\000/\000s\000e\000r\000v\000e\000r\000/\000r\000e\000m\000o\000t\000e\000/\000R\000e\000m\000o\000t\000e\000.\000j\000a\000v\000a\000\040\000F\000i\000l\000e\000\040\000R\000e\000f\000e\000r\000e\000n\000c\000e}{chapter.7}% 304
\BOOKMARK [1][-]{section.7.17}{\376\377\0007\000.\0001\0007\000\040\000s\000r\000c\000/\000m\000a\000i\000n\000/\000j\000a\000v\000a\000/\000s\000e\000r\000v\000e\000r\000/\000S\000e\000r\000v\000e\000r\000.\000j\000a\000v\000a\000\040\000F\000i\000l\000e\000\040\000R\000e\000f\000e\000r\000e\000n\000c\000e}{chapter.7}% 305
\BOOKMARK [1][-]{section.7.18}{\376\377\0007\000.\0001\0008\000\040\000s\000r\000c\000/\000t\000e\000s\000t\000/\000j\000a\000v\000a\000/\000s\000e\000r\000v\000e\000r\000/\000C\000o\000n\000t\000i\000P\000e\000r\000f\000T\000e\000s\000t\000.\000j\000a\000v\000a\000\040\000F\000i\000l\000e\000\040\000R\000e\000f\000e\000r\000e\000n\000c\000e}{chapter.7}% 306
\BOOKMARK [1][-]{section.7.19}{\376\377\0007\000.\0001\0009\000\040\000s\000r\000c\000/\000t\000e\000s\000t\000/\000j\000a\000v\000a\000/\000s\000e\000r\000v\000e\000r\000/\000D\000A\000O\000M\000o\000c\000k\000T\000e\000s\000t\000.\000j\000a\000v\000a\000\040\000F\000i\000l\000e\000\040\000R\000e\000f\000e\000r\000e\000n\000c\000e}{chapter.7}% 307
\BOOKMARK [1][-]{section.7.20}{\376\377\0007\000.\0002\0000\000\040\000s\000r\000c\000/\000t\000e\000s\000t\000/\000j\000a\000v\000a\000/\000s\000e\000r\000v\000e\000r\000/\000R\000M\000I\000T\000e\000s\000t\000.\000j\000a\000v\000a\000\040\000F\000i\000l\000e\000\040\000R\000e\000f\000e\000r\000e\000n\000c\000e}{chapter.7}% 308
\BOOKMARK [0][-]{section*.89}{\376\377\000I\000n\000d\000e\000x}{}% 309
